15.2507 	EXP 	Created window1 = Window(allowGUI=True, allowStencil=False, autoLog=True, backendConf=UNKNOWN, backgroundFit=<method-wrapper '__getattribute__' of attributeSetter object at 0x000001DDA0391F10>, backgroundImage=<method-wrapper '__getattribute__' of attributeSetter object at 0x000001DDA0391EB0>, bitsMode=UNKNOWN, blendMode='avg', bpc=(8, 8, 8), color=array([0, 0, 0]), colorSpace='rgb', depthBits=8, fullscr=<method-wrapper '__getattribute__' of attributeSetter object at 0x000001DDA0391CD0>, gamma=None, gammaErrorPolicy='raise', lms=UNKNOWN, monitor=<psychopy.monitors.calibTools.Monitor object at 0x000001DDA58F2F10>, multiSample=False, name='window1', numSamples=2, pos=(0, 0), screen=0, size=array([1920, 1080]), stencilBits=0, stereo=False, title='PsychoPy', units='height', useFBO=True, useRetina=False, viewOri=0.0, viewPos=None, viewScale=None, waitBlanking=True, winType='pyglet')
15.2508 	EXP 	window1: mouseVisible = True
15.2508 	EXP 	window1: backgroundImage = ''
15.2508 	EXP 	window1: backgroundFit = 'none'
15.2516 	EXP 	window1: Attempting to measure frame rate of screen (0) ...
15.2516 	EXP 	window1: recordFrameIntervals = False
15.4171 	EXP 	window1: recordFrameIntervals = True
15.6005 	EXP 	Screen (0) actual frame rate measured at 60.00Hz
15.6005 	EXP 	window1: recordFrameIntervals = False
15.6006 	EXP 	window1: mouseVisible = False
16.7107 	EXP 	2024_RDpaindiscrimination_QUEST: status = STARTED
16.9860 	EXP 	window1: mouseVisible = True
16.9891 	EXP 	Created polygon = Circle(__class__=<class 'psychopy.visual.circle.Circle'>, anchor=('center', 'center'), autoDraw=False, autoLog=True, closeShape=True, color=method-wrapper(...), colorSpace='rgb', contrast=None, depth=-1.0, draggable=False, fillColor=array([1, 1, 1]), fillColorSpace='rgb', fillRGB=array([1, 1, 1]), interpolate=True, lineColor=array([1., 1., 1.]), lineColorSpace='rgb', lineRGB=array([1, 1, 1]), lineWidth=1.0, name='polygon', opacity=1.0, ori=0.0, pos=array([0., 0.]), size=array([0.5, 0.5]), units='height', vertices=ndarray(...), win=Window(...))
16.9903 	EXP 	window1: mouseVisible = True
16.9926 	EXP 	Created polygon_1_black = Circle(__class__=<class 'psychopy.visual.circle.Circle'>, anchor=('center', 'center'), autoDraw=False, autoLog=True, closeShape=True, color=method-wrapper(...), colorSpace='rgb', contrast=None, depth=-1.0, draggable=False, fillColor=array([-0.5, -0.5, -0.5]), fillColorSpace='rgb', fillRGB=array([-0.5, -0.5, -0.5]), interpolate=True, lineColor=array([-0.5, -0.5, -0.5]), lineColorSpace='rgb', lineRGB=array([-0.5, -0.5, -0.5]), lineWidth=1.0, name='polygon_1_black', opacity=1.0, ori=0.0, pos=array([0., 0.]), size=array([0.4, 0.4]), units='height', vertices=ndarray(...), win=Window(...))
16.9927 	EXP 	window1: mouseVisible = True
17.0293 	EXP 	Created text_bonjour = TextStim(__class__=<class 'psychopy.visual.text.TextStim'>, alignHoriz=method-wrapper(...), alignText='center', alignVert=method-wrapper(...), anchorHoriz='center', anchorVert='center', antialias=True, autoDraw=False, autoLog=True, bold=False, color=array([1., 1., 1.]), colorSpace='rgb', contrast=1.0, depth=-1.0, draggable=False, flipHoriz=False, flipVert=False, font='Open Sans', fontFiles=[], height=0.05, italic=False, languageStyle='LTR', name='text_bonjour', opacity=1.0, ori=0.0, pos=array([0., 0.]), rgb=UNKNOWN, text=str(...), units='height', win=Window(...), wrapWidth=1)
17.0294 	EXP 	window1: mouseVisible = True
17.0300 	EXP 	Created text_pic = TextStim(__class__=<class 'psychopy.visual.text.TextStim'>, alignHoriz=method-wrapper(...), alignText='center', alignVert=method-wrapper(...), anchorHoriz='center', anchorVert='center', antialias=True, autoDraw=False, autoLog=True, bold=False, color=array([1., 1., 1.]), colorSpace='rgb', contrast=1.0, depth=-1.0, draggable=False, flipHoriz=False, flipVert=False, font='Open Sans', fontFiles=[], height=0.02, italic=False, languageStyle='LTR', name='text_pic', opacity=1.0, ori=0.0, pos=array([-0.7 , -0.45]), rgb=UNKNOWN, text='', units='height', win=Window(...), wrapWidth=1)
17.0301 	EXP 	window1: mouseVisible = True
17.0329 	EXP 	Created croix_3 = TextStim(__class__=<class 'psychopy.visual.text.TextStim'>, alignHoriz=method-wrapper(...), alignText='center', alignVert=method-wrapper(...), anchorHoriz='center', anchorVert='center', antialias=True, autoDraw=False, autoLog=True, bold=False, color=array([1., 1., 1.]), colorSpace='rgb', contrast=1.0, depth=-2.0, draggable=False, flipHoriz=False, flipVert=False, font='Open Sans', fontFiles=[], height=0.2, italic=False, languageStyle='LTR', name='croix_3', opacity=1.0, ori=0.0, pos=array([0., 0.]), rgb=UNKNOWN, text='+', units='height', win=Window(...), wrapWidth=1)
17.0329 	EXP 	window1: mouseVisible = True
17.0334 	EXP 	Created thermode_locali_pic = TextStim(__class__=<class 'psychopy.visual.text.TextStim'>, alignHoriz=method-wrapper(...), alignText='center', alignVert=method-wrapper(...), anchorHoriz='center', anchorVert='center', antialias=True, autoDraw=False, autoLog=True, bold=False, color=array([1., 1., 1.]), colorSpace='rgb', contrast=1.0, depth=-1.0, draggable=False, flipHoriz=False, flipVert=False, font='Open Sans', fontFiles=[], height=0.02, italic=False, languageStyle='LTR', name='thermode_locali_pic', opacity=1.0, ori=0.0, pos=array([-0.7 , -0.45]), rgb=UNKNOWN, text='', units='height', win=Window(...), wrapWidth=1)
17.0335 	EXP 	window1: mouseVisible = True
17.0342 	EXP 	Created responsel = TextStim(__class__=<class 'psychopy.visual.text.TextStim'>, alignHoriz=method-wrapper(...), alignText='center', alignVert=method-wrapper(...), anchorHoriz='center', anchorVert='center', antialias=True, autoDraw=False, autoLog=True, bold=False, color=array([1., 1., 1.]), colorSpace='rgb', contrast=1.0, depth=-3.0, draggable=False, flipHoriz=False, flipVert=False, font='Open Sans', fontFiles=[], height=0.08, italic=False, languageStyle='LTR', name='responsel', opacity=1.0, ori=0.0, pos=array([0., 0.]), rgb=UNKNOWN, text='', units='height', win=Window(...), wrapWidth=1)
17.0343 	EXP 	window1: mouseVisible = True
17.0396 	EXP 	Created percu_or = TextStim(__class__=<class 'psychopy.visual.text.TextStim'>, alignHoriz=method-wrapper(...), alignText='center', alignVert=method-wrapper(...), anchorHoriz='center', anchorVert='center', antialias=True, autoDraw=False, autoLog=True, bold=False, color=array([1., 1., 1.]), colorSpace='rgb', contrast=1.0, depth=-4.0, draggable=False, flipHoriz=False, flipVert=False, font='Open Sans', fontFiles=[], height=0.05, italic=False, languageStyle='LTR', name='percu_or', opacity=1.0, ori=0.0, pos=array([0. , 0.3]), rgb=UNKNOWN, text='Avez-vous perçu un changement?', units='height', win=Window(...), wrapWidth=1)
17.0396 	EXP 	window1: mouseVisible = True
17.0423 	EXP 	Created responser = TextStim(__class__=<class 'psychopy.visual.text.TextStim'>, alignHoriz=method-wrapper(...), alignText='center', alignVert=method-wrapper(...), anchorHoriz='center', anchorVert='center', antialias=True, autoDraw=False, autoLog=True, bold=False, color=array([1., 1., 1.]), colorSpace='rgb', contrast=1.0, depth=-5.0, draggable=False, flipHoriz=False, flipVert=False, font='Open Sans', fontFiles=[], height=0.08, italic=False, languageStyle='LTR', name='responser', opacity=1.0, ori=0.0, pos=array([0., 0.]), rgb=UNKNOWN, text='              OUI', units='height', win=Window(...), wrapWidth=1)
17.0424 	EXP 	window1: mouseVisible = True
17.0447 	EXP 	Created text = TextStim(__class__=<class 'psychopy.visual.text.TextStim'>, alignHoriz=method-wrapper(...), alignText='center', alignVert=method-wrapper(...), anchorHoriz='center', anchorVert='center', antialias=True, autoDraw=False, autoLog=True, bold=False, color=array([1., 1., 1.]), colorSpace='rgb', contrast=1.0, depth=0.0, draggable=False, flipHoriz=False, flipVert=False, font='Open Sans', fontFiles=[], height=0.05, italic=False, languageStyle='LTR', name='text', opacity=1.0, ori=0.0, pos=array([0., 0.]), rgb=UNKNOWN, text='Calibration terminée.', units='height', win=Window(...), wrapWidth=1)
0.0058 	EXP 	window1: mouseVisible = False
0.0224 	EXP 	text_bonjour: autoDraw = True
30.6898 	EXP 	Created sequence: sequential, trialTypes=1, nReps=40, seed=None
30.6900 	EXP 	New trial (rep=0, index=0): None
30.6934 	DATA 	Keypress: p
30.7060 	EXP 	text_bonjour: autoDraw = False
30.7060 	EXP 	text_pic: autoDraw = True
30.7060 	EXP 	croix_3: autoDraw = True
35.7062 	EXP 	text_pic: autoDraw = False
35.7062 	EXP 	croix_3: autoDraw = False
35.7062 	EXP 	text_pic: autoDraw = False
35.7062 	EXP 	croix_3: autoDraw = False
35.7062 	EXP 	thermode_locali_pic: height = 0.02
35.7062 	EXP 	thermode_locali_pic: height = 0.02
35.7062 	EXP 	thermode_locali_pic: height = 0.02
35.7062 	EXP 	thermode_locali_pic: text = 'T : 0'
35.7062 	EXP 	responsel: height = 0.08
35.7062 	EXP 	responsel: height = 0.08
35.7062 	EXP 	responsel: height = 0.08
35.7062 	EXP 	responsel: text = 'NON              '
35.7062 	EXP 	thermode_locali_pic: autoDraw = True
43.6896 	EXP 	responsel: autoDraw = True
43.6896 	EXP 	percu_or: autoDraw = True
43.6896 	EXP 	responser: autoDraw = True
44.2242 	DATA 	Keypress: n
44.2729 	EXP 	responser: foreColor = (0, 0, 0)
44.2896 	EXP 	responser: foreColor = (0, 0, 0)
44.3062 	EXP 	responser: foreColor = (0, 0, 0)
44.3229 	EXP 	responser: foreColor = (0, 0, 0)
44.3396 	EXP 	responser: foreColor = (0, 0, 0)
44.3562 	EXP 	responser: foreColor = (0, 0, 0)
44.3729 	EXP 	responser: foreColor = (0, 0, 0)
44.3896 	EXP 	responser: foreColor = (0, 0, 0)
44.4062 	EXP 	responser: foreColor = (0, 0, 0)
44.4229 	EXP 	responser: foreColor = (0, 0, 0)
44.4396 	EXP 	responser: foreColor = (0, 0, 0)
44.4563 	EXP 	responser: foreColor = (0, 0, 0)
44.4729 	EXP 	responser: foreColor = (0, 0, 0)
44.4896 	EXP 	responser: foreColor = (0, 0, 0)
44.5062 	EXP 	responser: foreColor = (0, 0, 0)
44.5229 	EXP 	responser: foreColor = (0, 0, 0)
44.5396 	EXP 	responser: foreColor = (0, 0, 0)
44.5563 	EXP 	responser: foreColor = (0, 0, 0)
44.5729 	EXP 	responser: foreColor = (0, 0, 0)
44.5896 	EXP 	responser: foreColor = (0, 0, 0)
44.6062 	EXP 	responser: foreColor = (0, 0, 0)
44.6229 	EXP 	responser: foreColor = (0, 0, 0)
44.6396 	EXP 	responser: foreColor = (0, 0, 0)
44.6562 	EXP 	responser: foreColor = (0, 0, 0)
44.6729 	EXP 	responser: foreColor = (0, 0, 0)
44.6896 	EXP 	responser: foreColor = (0, 0, 0)
44.7062 	EXP 	responser: foreColor = (0, 0, 0)
44.7229 	EXP 	responser: foreColor = (0, 0, 0)
44.7396 	EXP 	responser: foreColor = (0, 0, 0)
44.7563 	EXP 	responser: foreColor = (0, 0, 0)
44.7729 	EXP 	responser: foreColor = (0, 0, 0)
44.7896 	EXP 	responser: foreColor = (0, 0, 0)
44.8062 	EXP 	responser: foreColor = (0, 0, 0)
44.8229 	EXP 	responser: foreColor = (0, 0, 0)
44.8396 	EXP 	responser: foreColor = (0, 0, 0)
44.8562 	EXP 	responser: foreColor = (0, 0, 0)
44.8729 	EXP 	responser: foreColor = (0, 0, 0)
44.8896 	EXP 	responser: foreColor = (0, 0, 0)
44.9062 	EXP 	responser: foreColor = (0, 0, 0)
44.9229 	EXP 	responser: foreColor = (0, 0, 0)
44.9396 	EXP 	responser: foreColor = (0, 0, 0)
44.9562 	EXP 	responser: foreColor = (0, 0, 0)
44.9729 	EXP 	responser: foreColor = (0, 0, 0)
44.9895 	EXP 	responser: foreColor = (0, 0, 0)
45.0062 	EXP 	responser: foreColor = (0, 0, 0)
45.0228 	EXP 	responser: foreColor = (0, 0, 0)
45.0396 	EXP 	responser: foreColor = (0, 0, 0)
45.0563 	EXP 	responser: foreColor = (0, 0, 0)
45.0729 	EXP 	responser: foreColor = (0, 0, 0)
45.0896 	EXP 	responser: foreColor = (0, 0, 0)
45.1062 	EXP 	responser: foreColor = (0, 0, 0)
45.1229 	EXP 	responser: foreColor = (0, 0, 0)
45.1396 	EXP 	responser: foreColor = (0, 0, 0)
45.1562 	EXP 	responser: foreColor = (0, 0, 0)
45.1729 	EXP 	responser: foreColor = (0, 0, 0)
45.1896 	EXP 	responser: foreColor = (0, 0, 0)
45.2063 	EXP 	responser: foreColor = (0, 0, 0)
45.2229 	EXP 	responser: foreColor = (0, 0, 0)
45.2396 	EXP 	responser: foreColor = (0, 0, 0)
45.2562 	EXP 	responser: foreColor = (0, 0, 0)
45.2729 	EXP 	responser: foreColor = (0, 0, 0)
45.2896 	EXP 	responser: foreColor = (0, 0, 0)
45.3063 	EXP 	responser: foreColor = (0, 0, 0)
45.3229 	EXP 	responser: foreColor = (0, 0, 0)
45.3396 	EXP 	responser: foreColor = (0, 0, 0)
45.3563 	EXP 	responser: foreColor = (0, 0, 0)
45.3729 	EXP 	responser: foreColor = (0, 0, 0)
45.3896 	EXP 	responser: foreColor = (0, 0, 0)
45.4063 	EXP 	responser: foreColor = (0, 0, 0)
45.4229 	EXP 	responser: foreColor = (0, 0, 0)
45.4396 	EXP 	responser: foreColor = (0, 0, 0)
45.4563 	EXP 	responser: foreColor = (0, 0, 0)
45.4729 	EXP 	responser: foreColor = (0, 0, 0)
45.4896 	EXP 	responser: foreColor = (0, 0, 0)
45.5062 	EXP 	responser: foreColor = (0, 0, 0)
45.5229 	EXP 	responser: foreColor = (0, 0, 0)
45.5395 	EXP 	responser: foreColor = (0, 0, 0)
45.5562 	EXP 	responser: foreColor = (0, 0, 0)
45.5729 	EXP 	responser: foreColor = (0, 0, 0)
45.5896 	EXP 	responser: foreColor = (0, 0, 0)
45.6062 	EXP 	responser: foreColor = (0, 0, 0)
45.6229 	EXP 	responser: foreColor = (0, 0, 0)
45.6395 	EXP 	responser: foreColor = (0, 0, 0)
45.6563 	EXP 	responser: foreColor = (0, 0, 0)
45.6729 	EXP 	responser: foreColor = (0, 0, 0)
45.6896 	EXP 	responser: foreColor = (0, 0, 0)
45.7063 	EXP 	responser: foreColor = (0, 0, 0)
45.7229 	EXP 	responser: foreColor = (0, 0, 0)
45.7395 	EXP 	responser: foreColor = (0, 0, 0)
45.7563 	EXP 	responser: foreColor = (0, 0, 0)
45.7729 	EXP 	responser: foreColor = (0, 0, 0)
45.7896 	EXP 	responser: foreColor = (0, 0, 0)
45.8063 	EXP 	responser: foreColor = (0, 0, 0)
45.8229 	EXP 	responser: foreColor = (0, 0, 0)
45.8396 	EXP 	responser: foreColor = (0, 0, 0)
45.8562 	EXP 	responser: foreColor = (0, 0, 0)
45.8729 	EXP 	responser: foreColor = (0, 0, 0)
45.8895 	EXP 	responser: foreColor = (0, 0, 0)
45.9063 	EXP 	responser: foreColor = (0, 0, 0)
45.9063 	EXP 	thermode_locali_pic: autoDraw = False
45.9229 	EXP 	responser: foreColor = (0, 0, 0)
45.9396 	EXP 	responser: foreColor = (0, 0, 0)
45.9563 	EXP 	responser: foreColor = (0, 0, 0)
45.9729 	EXP 	responser: foreColor = (0, 0, 0)
45.9895 	EXP 	responser: foreColor = (0, 0, 0)
46.0063 	EXP 	responser: foreColor = (0, 0, 0)
46.0229 	EXP 	responser: foreColor = (0, 0, 0)
46.0396 	EXP 	responser: foreColor = (0, 0, 0)
46.0563 	EXP 	responser: foreColor = (0, 0, 0)
46.0729 	EXP 	responser: foreColor = (0, 0, 0)
46.0896 	EXP 	responser: foreColor = (0, 0, 0)
46.1063 	EXP 	responser: foreColor = (0, 0, 0)
46.1229 	EXP 	responser: foreColor = (0, 0, 0)
46.1396 	EXP 	responser: foreColor = (0, 0, 0)
46.1563 	EXP 	responser: foreColor = (0, 0, 0)
46.1729 	EXP 	responser: foreColor = (0, 0, 0)
46.1896 	EXP 	responser: foreColor = (0, 0, 0)
46.2062 	EXP 	responser: foreColor = (0, 0, 0)
46.2229 	EXP 	responser: foreColor = (0, 0, 0)
46.2396 	EXP 	responser: foreColor = (0, 0, 0)
46.2563 	EXP 	responser: foreColor = (0, 0, 0)
46.2729 	EXP 	responser: foreColor = (0, 0, 0)
46.2895 	EXP 	responser: foreColor = (0, 0, 0)
46.3063 	EXP 	responser: foreColor = (0, 0, 0)
46.3229 	EXP 	responser: foreColor = (0, 0, 0)
46.3396 	EXP 	responser: foreColor = (0, 0, 0)
46.3563 	EXP 	responser: foreColor = (0, 0, 0)
46.3729 	EXP 	responser: foreColor = (0, 0, 0)
46.3896 	EXP 	responser: foreColor = (0, 0, 0)
46.4063 	EXP 	responser: foreColor = (0, 0, 0)
46.4229 	EXP 	responser: foreColor = (0, 0, 0)
46.4396 	EXP 	responser: foreColor = (0, 0, 0)
46.4563 	EXP 	responser: foreColor = (0, 0, 0)
46.4730 	EXP 	responser: foreColor = (0, 0, 0)
46.4896 	EXP 	responser: foreColor = (0, 0, 0)
46.5063 	EXP 	responser: foreColor = (0, 0, 0)
46.5229 	EXP 	responser: foreColor = (0, 0, 0)
46.5396 	EXP 	responser: foreColor = (0, 0, 0)
46.5562 	EXP 	responser: foreColor = (0, 0, 0)
46.5729 	EXP 	responser: foreColor = (0, 0, 0)
46.5897 	EXP 	responser: foreColor = (0, 0, 0)
46.6062 	EXP 	responser: foreColor = (0, 0, 0)
46.6229 	EXP 	responser: foreColor = (0, 0, 0)
46.6396 	EXP 	responser: foreColor = (0, 0, 0)
46.6563 	EXP 	responser: foreColor = (0, 0, 0)
46.6729 	EXP 	responser: foreColor = (0, 0, 0)
46.6743 	EXP 	New trial (rep=1, index=0): None
46.6896 	EXP 	responser: foreColor = (0, 0, 0)
46.6896 	EXP 	responsel: autoDraw = False
46.6896 	EXP 	percu_or: autoDraw = False
46.6896 	EXP 	responser: autoDraw = False
46.6896 	EXP 	thermode_locali_pic: autoDraw = False
46.6896 	EXP 	responsel: autoDraw = False
46.6896 	EXP 	percu_or: autoDraw = False
46.6896 	EXP 	responser: autoDraw = False
46.6896 	EXP 	responsel: foreColor = 'white'
46.6896 	EXP 	responser: foreColor = 'white'
46.6896 	EXP 	text_pic: autoDraw = True
46.6896 	EXP 	croix_3: autoDraw = True
51.6896 	EXP 	text_pic: autoDraw = False
51.6896 	EXP 	croix_3: autoDraw = False
51.6896 	EXP 	text_pic: autoDraw = False
51.6896 	EXP 	croix_3: autoDraw = False
51.6896 	EXP 	thermode_locali_pic: height = 0.02
51.6896 	EXP 	thermode_locali_pic: height = 0.02
51.6896 	EXP 	thermode_locali_pic: height = 0.02
51.6896 	EXP 	thermode_locali_pic: text = 'T : 1'
51.6896 	EXP 	responsel: text = 'NON              '
51.6896 	EXP 	thermode_locali_pic: autoDraw = True
59.5406 	DATA 	Keypress: escape
59.6736 	EXP 	2024_RDpaindiscrimination_QUEST: status = STOPPED
59.6897 	EXP 	responsel: autoDraw = True
59.6897 	EXP 	percu_or: autoDraw = True
59.6897 	EXP 	responser: autoDraw = True
59.6897 	EXP 	thermode_locali_pic: autoDraw = False
59.6897 	EXP 	responsel: autoDraw = False
59.6897 	EXP 	percu_or: autoDraw = False
59.6897 	EXP 	responser: autoDraw = False
59.6898 	EXP 	2024_RDpaindiscrimination_QUEST: status = STOPPED
59.7937 	EXP 	window1: mouseVisible = True
