14.4419 	EXP 	Created window1 = Window(allowGUI=True, allowStencil=False, autoLog=True, backendConf=UNKNOWN, backgroundFit=<method-wrapper '__getattribute__' of attributeSetter object at 0x0000022DFBD69CD0>, backgroundImage=<method-wrapper '__getattribute__' of attributeSetter object at 0x0000022DFBD69C70>, bitsMode=UNKNOWN, blendMode='avg', bpc=(8, 8, 8), color=array([0, 0, 0]), colorSpace='rgb', depthBits=8, fullscr=<method-wrapper '__getattribute__' of attributeSetter object at 0x0000022DFBD69AF0>, gamma=None, gammaErrorPolicy='raise', lms=UNKNOWN, monitor=<psychopy.monitors.calibTools.Monitor object at 0x0000022DFF282910>, multiSample=False, name='window1', numSamples=2, pos=(0, 0), screen=0, size=array([1920, 1080]), stencilBits=0, stereo=False, title='PsychoPy', units='height', useFBO=True, useRetina=False, viewOri=0.0, viewPos=None, viewScale=None, waitBlanking=True, winType='pyglet')
14.4420 	EXP 	window1: mouseVisible = True
14.4420 	EXP 	window1: backgroundImage = ''
14.4420 	EXP 	window1: backgroundFit = 'none'
14.4427 	EXP 	window1: Attempting to measure frame rate of screen (0) ...
14.4427 	EXP 	window1: recordFrameIntervals = False
14.6084 	EXP 	window1: recordFrameIntervals = True
14.7918 	EXP 	Screen (0) actual frame rate measured at 59.99Hz
14.7918 	EXP 	window1: recordFrameIntervals = False
14.7918 	EXP 	window1: mouseVisible = False
15.8030 	EXP 	2024_RDpaindiscrimination_QUEST: status = STARTED
16.0719 	EXP 	window1: mouseVisible = True
16.0750 	EXP 	Created polygon = Circle(__class__=<class 'psychopy.visual.circle.Circle'>, anchor=('center', 'center'), autoDraw=False, autoLog=True, closeShape=True, color=method-wrapper(...), colorSpace='rgb', contrast=None, depth=-1.0, draggable=False, fillColor=array([1, 1, 1]), fillColorSpace='rgb', fillRGB=array([1, 1, 1]), interpolate=True, lineColor=array([1., 1., 1.]), lineColorSpace='rgb', lineRGB=array([1, 1, 1]), lineWidth=1.0, name='polygon', opacity=1.0, ori=0.0, pos=array([0., 0.]), size=array([0.5, 0.5]), units='height', vertices=ndarray(...), win=Window(...))
16.0762 	EXP 	window1: mouseVisible = True
16.0784 	EXP 	Created polygon_1_black = Circle(__class__=<class 'psychopy.visual.circle.Circle'>, anchor=('center', 'center'), autoDraw=False, autoLog=True, closeShape=True, color=method-wrapper(...), colorSpace='rgb', contrast=None, depth=-1.0, draggable=False, fillColor=array([-0.5, -0.5, -0.5]), fillColorSpace='rgb', fillRGB=array([-0.5, -0.5, -0.5]), interpolate=True, lineColor=array([-0.5, -0.5, -0.5]), lineColorSpace='rgb', lineRGB=array([-0.5, -0.5, -0.5]), lineWidth=1.0, name='polygon_1_black', opacity=1.0, ori=0.0, pos=array([0., 0.]), size=array([0.4, 0.4]), units='height', vertices=ndarray(...), win=Window(...))
16.0785 	EXP 	window1: mouseVisible = True
16.1157 	EXP 	Created text_bonjour = TextStim(__class__=<class 'psychopy.visual.text.TextStim'>, alignHoriz=method-wrapper(...), alignText='center', alignVert=method-wrapper(...), anchorHoriz='center', anchorVert='center', antialias=True, autoDraw=False, autoLog=True, bold=False, color=array([1., 1., 1.]), colorSpace='rgb', contrast=1.0, depth=-1.0, draggable=False, flipHoriz=False, flipVert=False, font='Open Sans', fontFiles=[], height=0.05, italic=False, languageStyle='LTR', name='text_bonjour', opacity=1.0, ori=0.0, pos=array([0., 0.]), rgb=UNKNOWN, text=str(...), units='height', win=Window(...), wrapWidth=1)
16.1158 	EXP 	window1: mouseVisible = True
16.1164 	EXP 	Created text_pic = TextStim(__class__=<class 'psychopy.visual.text.TextStim'>, alignHoriz=method-wrapper(...), alignText='center', alignVert=method-wrapper(...), anchorHoriz='center', anchorVert='center', antialias=True, autoDraw=False, autoLog=True, bold=False, color=array([1., 1., 1.]), colorSpace='rgb', contrast=1.0, depth=-1.0, draggable=False, flipHoriz=False, flipVert=False, font='Open Sans', fontFiles=[], height=0.02, italic=False, languageStyle='LTR', name='text_pic', opacity=1.0, ori=0.0, pos=array([-0.7 , -0.45]), rgb=UNKNOWN, text='', units='height', win=Window(...), wrapWidth=1)
16.1165 	EXP 	window1: mouseVisible = True
16.1192 	EXP 	Created croix_3 = TextStim(__class__=<class 'psychopy.visual.text.TextStim'>, alignHoriz=method-wrapper(...), alignText='center', alignVert=method-wrapper(...), anchorHoriz='center', anchorVert='center', antialias=True, autoDraw=False, autoLog=True, bold=False, color=array([1., 1., 1.]), colorSpace='rgb', contrast=1.0, depth=-2.0, draggable=False, flipHoriz=False, flipVert=False, font='Open Sans', fontFiles=[], height=0.2, italic=False, languageStyle='LTR', name='croix_3', opacity=1.0, ori=0.0, pos=array([0., 0.]), rgb=UNKNOWN, text='+', units='height', win=Window(...), wrapWidth=1)
16.1192 	EXP 	window1: mouseVisible = True
16.1197 	EXP 	Created thermode_locali_pic = TextStim(__class__=<class 'psychopy.visual.text.TextStim'>, alignHoriz=method-wrapper(...), alignText='center', alignVert=method-wrapper(...), anchorHoriz='center', anchorVert='center', antialias=True, autoDraw=False, autoLog=True, bold=False, color=array([1., 1., 1.]), colorSpace='rgb', contrast=1.0, depth=-1.0, draggable=False, flipHoriz=False, flipVert=False, font='Open Sans', fontFiles=[], height=0.02, italic=False, languageStyle='LTR', name='thermode_locali_pic', opacity=1.0, ori=0.0, pos=array([-0.7 , -0.45]), rgb=UNKNOWN, text='', units='height', win=Window(...), wrapWidth=1)
16.1197 	EXP 	window1: mouseVisible = True
16.1204 	EXP 	Created responsel = TextStim(__class__=<class 'psychopy.visual.text.TextStim'>, alignHoriz=method-wrapper(...), alignText='center', alignVert=method-wrapper(...), anchorHoriz='center', anchorVert='center', antialias=True, autoDraw=False, autoLog=True, bold=False, color=array([1., 1., 1.]), colorSpace='rgb', contrast=1.0, depth=-3.0, draggable=False, flipHoriz=False, flipVert=False, font='Open Sans', fontFiles=[], height=0.08, italic=False, languageStyle='LTR', name='responsel', opacity=1.0, ori=0.0, pos=array([0., 0.]), rgb=UNKNOWN, text='', units='height', win=Window(...), wrapWidth=1)
16.1204 	EXP 	window1: mouseVisible = True
16.1249 	EXP 	Created percu_or = TextStim(__class__=<class 'psychopy.visual.text.TextStim'>, alignHoriz=method-wrapper(...), alignText='center', alignVert=method-wrapper(...), anchorHoriz='center', anchorVert='center', antialias=True, autoDraw=False, autoLog=True, bold=False, color=array([1., 1., 1.]), colorSpace='rgb', contrast=1.0, depth=-4.0, draggable=False, flipHoriz=False, flipVert=False, font='Open Sans', fontFiles=[], height=0.05, italic=False, languageStyle='LTR', name='percu_or', opacity=1.0, ori=0.0, pos=array([0. , 0.3]), rgb=UNKNOWN, text='Avez-vous perçu un changement?', units='height', win=Window(...), wrapWidth=1)
16.1249 	EXP 	window1: mouseVisible = True
16.1275 	EXP 	Created responser = TextStim(__class__=<class 'psychopy.visual.text.TextStim'>, alignHoriz=method-wrapper(...), alignText='center', alignVert=method-wrapper(...), anchorHoriz='center', anchorVert='center', antialias=True, autoDraw=False, autoLog=True, bold=False, color=array([1., 1., 1.]), colorSpace='rgb', contrast=1.0, depth=-5.0, draggable=False, flipHoriz=False, flipVert=False, font='Open Sans', fontFiles=[], height=0.08, italic=False, languageStyle='LTR', name='responser', opacity=1.0, ori=0.0, pos=array([0., 0.]), rgb=UNKNOWN, text='              OUI', units='height', win=Window(...), wrapWidth=1)
16.1276 	EXP 	window1: mouseVisible = True
16.1299 	EXP 	Created text = TextStim(__class__=<class 'psychopy.visual.text.TextStim'>, alignHoriz=method-wrapper(...), alignText='center', alignVert=method-wrapper(...), anchorHoriz='center', anchorVert='center', antialias=True, autoDraw=False, autoLog=True, bold=False, color=array([1., 1., 1.]), colorSpace='rgb', contrast=1.0, depth=0.0, draggable=False, flipHoriz=False, flipVert=False, font='Open Sans', fontFiles=[], height=0.05, italic=False, languageStyle='LTR', name='text', opacity=1.0, ori=0.0, pos=array([0., 0.]), rgb=UNKNOWN, text='Calibration terminée.', units='height', win=Window(...), wrapWidth=1)
0.0119 	EXP 	window1: mouseVisible = False
0.0285 	EXP 	text_bonjour: autoDraw = True
67.6965 	EXP 	Created sequence: sequential, trialTypes=1, nReps=40, seed=None
67.6966 	EXP 	New trial (rep=0, index=0): None
67.7000 	DATA 	Keypress: p
67.7126 	EXP 	text_bonjour: autoDraw = False
67.7126 	EXP 	text_pic: autoDraw = True
67.7126 	EXP 	croix_3: autoDraw = True
72.7126 	EXP 	text_pic: autoDraw = False
72.7126 	EXP 	croix_3: autoDraw = False
72.7126 	EXP 	text_pic: autoDraw = False
72.7126 	EXP 	croix_3: autoDraw = False
72.7126 	EXP 	thermode_locali_pic: height = 0.02
72.7126 	EXP 	thermode_locali_pic: height = 0.02
72.7126 	EXP 	thermode_locali_pic: height = 0.02
72.7126 	EXP 	thermode_locali_pic: text = 'T : 0'
72.7126 	EXP 	responsel: height = 0.08
72.7126 	EXP 	responsel: height = 0.08
72.7126 	EXP 	responsel: height = 0.08
72.7126 	EXP 	responsel: text = 'NON              '
72.7126 	EXP 	thermode_locali_pic: autoDraw = True
80.6960 	EXP 	responsel: autoDraw = True
80.6960 	EXP 	percu_or: autoDraw = True
80.6960 	EXP 	responser: autoDraw = True
82.9127 	EXP 	thermode_locali_pic: autoDraw = False
83.6473 	DATA 	Keypress: m
83.6794 	EXP 	responsel: foreColor = (0, 0, 0)
83.6808 	EXP 	New trial (rep=1, index=0): None
83.6960 	EXP 	responsel: foreColor = (0, 0, 0)
83.6960 	EXP 	responsel: autoDraw = False
83.6960 	EXP 	percu_or: autoDraw = False
83.6960 	EXP 	responser: autoDraw = False
83.6960 	EXP 	thermode_locali_pic: autoDraw = False
83.6960 	EXP 	responsel: autoDraw = False
83.6960 	EXP 	percu_or: autoDraw = False
83.6960 	EXP 	responser: autoDraw = False
83.6960 	EXP 	responsel: foreColor = 'white'
83.6960 	EXP 	responser: foreColor = 'white'
83.6960 	EXP 	text_pic: autoDraw = True
83.6960 	EXP 	croix_3: autoDraw = True
88.6961 	EXP 	text_pic: autoDraw = False
88.6961 	EXP 	croix_3: autoDraw = False
88.6961 	EXP 	text_pic: autoDraw = False
88.6961 	EXP 	croix_3: autoDraw = False
88.6961 	EXP 	thermode_locali_pic: height = 0.02
88.6961 	EXP 	thermode_locali_pic: height = 0.02
88.6961 	EXP 	thermode_locali_pic: height = 0.02
88.6961 	EXP 	thermode_locali_pic: text = 'T : 1'
88.6961 	EXP 	responsel: text = 'NON              '
88.6961 	EXP 	thermode_locali_pic: autoDraw = True
96.6961 	EXP 	responsel: autoDraw = True
96.6961 	EXP 	percu_or: autoDraw = True
96.6961 	EXP 	responser: autoDraw = True
97.2808 	DATA 	Keypress: m
97.3295 	EXP 	responsel: foreColor = (0, 0, 0)
97.3461 	EXP 	responsel: foreColor = (0, 0, 0)
97.3628 	EXP 	responsel: foreColor = (0, 0, 0)
97.3795 	EXP 	responsel: foreColor = (0, 0, 0)
97.3961 	EXP 	responsel: foreColor = (0, 0, 0)
97.4128 	EXP 	responsel: foreColor = (0, 0, 0)
97.4295 	EXP 	responsel: foreColor = (0, 0, 0)
97.4461 	EXP 	responsel: foreColor = (0, 0, 0)
97.4628 	EXP 	responsel: foreColor = (0, 0, 0)
97.4794 	EXP 	responsel: foreColor = (0, 0, 0)
97.4962 	EXP 	responsel: foreColor = (0, 0, 0)
97.5128 	EXP 	responsel: foreColor = (0, 0, 0)
97.5295 	EXP 	responsel: foreColor = (0, 0, 0)
97.5462 	EXP 	responsel: foreColor = (0, 0, 0)
97.5628 	EXP 	responsel: foreColor = (0, 0, 0)
97.5795 	EXP 	responsel: foreColor = (0, 0, 0)
97.5961 	EXP 	responsel: foreColor = (0, 0, 0)
97.6129 	EXP 	responsel: foreColor = (0, 0, 0)
97.6295 	EXP 	responsel: foreColor = (0, 0, 0)
97.6461 	EXP 	responsel: foreColor = (0, 0, 0)
97.6628 	EXP 	responsel: foreColor = (0, 0, 0)
97.6795 	EXP 	responsel: foreColor = (0, 0, 0)
97.6961 	EXP 	responsel: foreColor = (0, 0, 0)
97.7128 	EXP 	responsel: foreColor = (0, 0, 0)
97.7295 	EXP 	responsel: foreColor = (0, 0, 0)
97.7461 	EXP 	responsel: foreColor = (0, 0, 0)
97.7628 	EXP 	responsel: foreColor = (0, 0, 0)
97.7795 	EXP 	responsel: foreColor = (0, 0, 0)
97.7962 	EXP 	responsel: foreColor = (0, 0, 0)
97.8128 	EXP 	responsel: foreColor = (0, 0, 0)
97.8295 	EXP 	responsel: foreColor = (0, 0, 0)
97.8462 	EXP 	responsel: foreColor = (0, 0, 0)
97.8628 	EXP 	responsel: foreColor = (0, 0, 0)
97.8795 	EXP 	responsel: foreColor = (0, 0, 0)
97.8962 	EXP 	responsel: foreColor = (0, 0, 0)
97.9128 	EXP 	responsel: foreColor = (0, 0, 0)
97.9295 	EXP 	responsel: foreColor = (0, 0, 0)
97.9462 	EXP 	responsel: foreColor = (0, 0, 0)
97.9628 	EXP 	responsel: foreColor = (0, 0, 0)
97.9795 	EXP 	responsel: foreColor = (0, 0, 0)
97.9962 	EXP 	responsel: foreColor = (0, 0, 0)
98.0128 	EXP 	responsel: foreColor = (0, 0, 0)
98.0295 	EXP 	responsel: foreColor = (0, 0, 0)
98.0461 	EXP 	responsel: foreColor = (0, 0, 0)
98.0628 	EXP 	responsel: foreColor = (0, 0, 0)
98.0795 	EXP 	responsel: foreColor = (0, 0, 0)
98.0962 	EXP 	responsel: foreColor = (0, 0, 0)
98.1128 	EXP 	responsel: foreColor = (0, 0, 0)
98.1295 	EXP 	responsel: foreColor = (0, 0, 0)
98.1462 	EXP 	responsel: foreColor = (0, 0, 0)
98.1628 	EXP 	responsel: foreColor = (0, 0, 0)
98.1795 	EXP 	responsel: foreColor = (0, 0, 0)
98.1962 	EXP 	responsel: foreColor = (0, 0, 0)
98.2128 	EXP 	responsel: foreColor = (0, 0, 0)
98.2295 	EXP 	responsel: foreColor = (0, 0, 0)
98.2462 	EXP 	responsel: foreColor = (0, 0, 0)
98.2628 	EXP 	responsel: foreColor = (0, 0, 0)
98.2795 	EXP 	responsel: foreColor = (0, 0, 0)
98.2961 	EXP 	responsel: foreColor = (0, 0, 0)
98.3128 	EXP 	responsel: foreColor = (0, 0, 0)
98.3295 	EXP 	responsel: foreColor = (0, 0, 0)
98.3462 	EXP 	responsel: foreColor = (0, 0, 0)
98.3628 	EXP 	responsel: foreColor = (0, 0, 0)
98.3795 	EXP 	responsel: foreColor = (0, 0, 0)
98.3962 	EXP 	responsel: foreColor = (0, 0, 0)
98.4128 	EXP 	responsel: foreColor = (0, 0, 0)
98.4295 	EXP 	responsel: foreColor = (0, 0, 0)
98.4462 	EXP 	responsel: foreColor = (0, 0, 0)
98.4628 	EXP 	responsel: foreColor = (0, 0, 0)
98.4795 	EXP 	responsel: foreColor = (0, 0, 0)
98.4962 	EXP 	responsel: foreColor = (0, 0, 0)
98.5128 	EXP 	responsel: foreColor = (0, 0, 0)
98.5295 	EXP 	responsel: foreColor = (0, 0, 0)
98.5462 	EXP 	responsel: foreColor = (0, 0, 0)
98.5628 	EXP 	responsel: foreColor = (0, 0, 0)
98.5795 	EXP 	responsel: foreColor = (0, 0, 0)
98.5962 	EXP 	responsel: foreColor = (0, 0, 0)
98.6129 	EXP 	responsel: foreColor = (0, 0, 0)
98.6295 	EXP 	responsel: foreColor = (0, 0, 0)
98.6462 	EXP 	responsel: foreColor = (0, 0, 0)
98.6628 	EXP 	responsel: foreColor = (0, 0, 0)
98.6795 	EXP 	responsel: foreColor = (0, 0, 0)
98.6961 	EXP 	responsel: foreColor = (0, 0, 0)
98.7128 	EXP 	responsel: foreColor = (0, 0, 0)
98.7295 	EXP 	responsel: foreColor = (0, 0, 0)
98.7462 	EXP 	responsel: foreColor = (0, 0, 0)
98.7628 	EXP 	responsel: foreColor = (0, 0, 0)
98.7795 	EXP 	responsel: foreColor = (0, 0, 0)
98.7962 	EXP 	responsel: foreColor = (0, 0, 0)
98.8128 	EXP 	responsel: foreColor = (0, 0, 0)
98.8295 	EXP 	responsel: foreColor = (0, 0, 0)
98.8462 	EXP 	responsel: foreColor = (0, 0, 0)
98.8628 	EXP 	responsel: foreColor = (0, 0, 0)
98.8795 	EXP 	responsel: foreColor = (0, 0, 0)
98.8962 	EXP 	responsel: foreColor = (0, 0, 0)
98.8962 	EXP 	thermode_locali_pic: autoDraw = False
98.9129 	EXP 	responsel: foreColor = (0, 0, 0)
98.9295 	EXP 	responsel: foreColor = (0, 0, 0)
98.9462 	EXP 	responsel: foreColor = (0, 0, 0)
98.9628 	EXP 	responsel: foreColor = (0, 0, 0)
98.9795 	EXP 	responsel: foreColor = (0, 0, 0)
98.9962 	EXP 	responsel: foreColor = (0, 0, 0)
99.0128 	EXP 	responsel: foreColor = (0, 0, 0)
99.0295 	EXP 	responsel: foreColor = (0, 0, 0)
99.0462 	EXP 	responsel: foreColor = (0, 0, 0)
99.0628 	EXP 	responsel: foreColor = (0, 0, 0)
99.0795 	EXP 	responsel: foreColor = (0, 0, 0)
99.0962 	EXP 	responsel: foreColor = (0, 0, 0)
99.1128 	EXP 	responsel: foreColor = (0, 0, 0)
99.1295 	EXP 	responsel: foreColor = (0, 0, 0)
99.1462 	EXP 	responsel: foreColor = (0, 0, 0)
99.1628 	EXP 	responsel: foreColor = (0, 0, 0)
99.1795 	EXP 	responsel: foreColor = (0, 0, 0)
99.1962 	EXP 	responsel: foreColor = (0, 0, 0)
99.2129 	EXP 	responsel: foreColor = (0, 0, 0)
99.2295 	EXP 	responsel: foreColor = (0, 0, 0)
99.2462 	EXP 	responsel: foreColor = (0, 0, 0)
99.2628 	EXP 	responsel: foreColor = (0, 0, 0)
99.2795 	EXP 	responsel: foreColor = (0, 0, 0)
99.2962 	EXP 	responsel: foreColor = (0, 0, 0)
99.3128 	EXP 	responsel: foreColor = (0, 0, 0)
99.3295 	EXP 	responsel: foreColor = (0, 0, 0)
99.3462 	EXP 	responsel: foreColor = (0, 0, 0)
99.3628 	EXP 	responsel: foreColor = (0, 0, 0)
99.3795 	EXP 	responsel: foreColor = (0, 0, 0)
99.3962 	EXP 	responsel: foreColor = (0, 0, 0)
99.4128 	EXP 	responsel: foreColor = (0, 0, 0)
99.4295 	EXP 	responsel: foreColor = (0, 0, 0)
99.4462 	EXP 	responsel: foreColor = (0, 0, 0)
99.4628 	EXP 	responsel: foreColor = (0, 0, 0)
99.4795 	EXP 	responsel: foreColor = (0, 0, 0)
99.4962 	EXP 	responsel: foreColor = (0, 0, 0)
99.5129 	EXP 	responsel: foreColor = (0, 0, 0)
99.5295 	EXP 	responsel: foreColor = (0, 0, 0)
99.5462 	EXP 	responsel: foreColor = (0, 0, 0)
99.5628 	EXP 	responsel: foreColor = (0, 0, 0)
99.5796 	EXP 	responsel: foreColor = (0, 0, 0)
99.5962 	EXP 	responsel: foreColor = (0, 0, 0)
99.6128 	EXP 	responsel: foreColor = (0, 0, 0)
99.6295 	EXP 	responsel: foreColor = (0, 0, 0)
99.6462 	EXP 	responsel: foreColor = (0, 0, 0)
99.6628 	EXP 	responsel: foreColor = (0, 0, 0)
99.6795 	EXP 	responsel: foreColor = (0, 0, 0)
99.6806 	EXP 	New trial (rep=2, index=0): None
99.6962 	EXP 	responsel: foreColor = (0, 0, 0)
99.6962 	EXP 	responsel: autoDraw = False
99.6962 	EXP 	percu_or: autoDraw = False
99.6962 	EXP 	responser: autoDraw = False
99.6962 	EXP 	thermode_locali_pic: autoDraw = False
99.6962 	EXP 	responsel: autoDraw = False
99.6962 	EXP 	percu_or: autoDraw = False
99.6962 	EXP 	responser: autoDraw = False
99.6962 	EXP 	responsel: foreColor = 'white'
99.6962 	EXP 	responser: foreColor = 'white'
99.6962 	EXP 	text_pic: autoDraw = True
99.6962 	EXP 	croix_3: autoDraw = True
104.6963 	EXP 	text_pic: autoDraw = False
104.6963 	EXP 	croix_3: autoDraw = False
104.6963 	EXP 	text_pic: autoDraw = False
104.6963 	EXP 	croix_3: autoDraw = False
104.6963 	EXP 	thermode_locali_pic: height = 0.02
104.6963 	EXP 	thermode_locali_pic: height = 0.02
104.6963 	EXP 	thermode_locali_pic: height = 0.02
104.6963 	EXP 	thermode_locali_pic: text = 'T : 2'
104.6963 	EXP 	responsel: text = 'NON              '
104.6963 	EXP 	thermode_locali_pic: autoDraw = True
112.6796 	EXP 	responsel: autoDraw = True
112.6796 	EXP 	percu_or: autoDraw = True
112.6796 	EXP 	responser: autoDraw = True
113.5644 	DATA 	Keypress: m
113.5963 	EXP 	responsel: foreColor = (0, 0, 0)
113.6130 	EXP 	responsel: foreColor = (0, 0, 0)
113.6297 	EXP 	responsel: foreColor = (0, 0, 0)
113.6463 	EXP 	responsel: foreColor = (0, 0, 0)
113.6630 	EXP 	responsel: foreColor = (0, 0, 0)
113.6797 	EXP 	responsel: foreColor = (0, 0, 0)
113.6963 	EXP 	responsel: foreColor = (0, 0, 0)
113.7130 	EXP 	responsel: foreColor = (0, 0, 0)
113.7296 	EXP 	responsel: foreColor = (0, 0, 0)
113.7463 	EXP 	responsel: foreColor = (0, 0, 0)
113.7630 	EXP 	responsel: foreColor = (0, 0, 0)
113.7797 	EXP 	responsel: foreColor = (0, 0, 0)
113.7963 	EXP 	responsel: foreColor = (0, 0, 0)
113.8130 	EXP 	responsel: foreColor = (0, 0, 0)
113.8297 	EXP 	responsel: foreColor = (0, 0, 0)
113.8463 	EXP 	responsel: foreColor = (0, 0, 0)
113.8630 	EXP 	responsel: foreColor = (0, 0, 0)
113.8796 	EXP 	responsel: foreColor = (0, 0, 0)
113.8964 	EXP 	responsel: foreColor = (0, 0, 0)
113.9130 	EXP 	responsel: foreColor = (0, 0, 0)
113.9296 	EXP 	responsel: foreColor = (0, 0, 0)
113.9463 	EXP 	responsel: foreColor = (0, 0, 0)
113.9630 	EXP 	responsel: foreColor = (0, 0, 0)
113.9796 	EXP 	responsel: foreColor = (0, 0, 0)
113.9963 	EXP 	responsel: foreColor = (0, 0, 0)
114.0130 	EXP 	responsel: foreColor = (0, 0, 0)
114.0296 	EXP 	responsel: foreColor = (0, 0, 0)
114.0463 	EXP 	responsel: foreColor = (0, 0, 0)
114.0630 	EXP 	responsel: foreColor = (0, 0, 0)
114.0797 	EXP 	responsel: foreColor = (0, 0, 0)
114.0963 	EXP 	responsel: foreColor = (0, 0, 0)
114.1130 	EXP 	responsel: foreColor = (0, 0, 0)
114.1297 	EXP 	responsel: foreColor = (0, 0, 0)
114.1463 	EXP 	responsel: foreColor = (0, 0, 0)
114.1630 	EXP 	responsel: foreColor = (0, 0, 0)
114.1796 	EXP 	responsel: foreColor = (0, 0, 0)
114.1964 	EXP 	responsel: foreColor = (0, 0, 0)
114.2130 	EXP 	responsel: foreColor = (0, 0, 0)
114.2296 	EXP 	responsel: foreColor = (0, 0, 0)
114.2463 	EXP 	responsel: foreColor = (0, 0, 0)
114.2630 	EXP 	responsel: foreColor = (0, 0, 0)
114.2796 	EXP 	responsel: foreColor = (0, 0, 0)
114.2963 	EXP 	responsel: foreColor = (0, 0, 0)
114.3130 	EXP 	responsel: foreColor = (0, 0, 0)
114.3296 	EXP 	responsel: foreColor = (0, 0, 0)
114.3463 	EXP 	responsel: foreColor = (0, 0, 0)
114.3630 	EXP 	responsel: foreColor = (0, 0, 0)
114.3796 	EXP 	responsel: foreColor = (0, 0, 0)
114.3963 	EXP 	responsel: foreColor = (0, 0, 0)
114.4130 	EXP 	responsel: foreColor = (0, 0, 0)
114.4297 	EXP 	responsel: foreColor = (0, 0, 0)
114.4463 	EXP 	responsel: foreColor = (0, 0, 0)
114.4630 	EXP 	responsel: foreColor = (0, 0, 0)
114.4797 	EXP 	responsel: foreColor = (0, 0, 0)
114.4963 	EXP 	responsel: foreColor = (0, 0, 0)
114.5130 	EXP 	responsel: foreColor = (0, 0, 0)
114.5296 	EXP 	responsel: foreColor = (0, 0, 0)
114.5463 	EXP 	responsel: foreColor = (0, 0, 0)
114.5630 	EXP 	responsel: foreColor = (0, 0, 0)
114.5796 	EXP 	responsel: foreColor = (0, 0, 0)
114.5963 	EXP 	responsel: foreColor = (0, 0, 0)
114.6130 	EXP 	responsel: foreColor = (0, 0, 0)
114.6296 	EXP 	responsel: foreColor = (0, 0, 0)
114.6464 	EXP 	responsel: foreColor = (0, 0, 0)
114.6630 	EXP 	responsel: foreColor = (0, 0, 0)
114.6797 	EXP 	responsel: foreColor = (0, 0, 0)
114.6963 	EXP 	responsel: foreColor = (0, 0, 0)
114.7130 	EXP 	responsel: foreColor = (0, 0, 0)
114.7297 	EXP 	responsel: foreColor = (0, 0, 0)
114.7463 	EXP 	responsel: foreColor = (0, 0, 0)
114.7630 	EXP 	responsel: foreColor = (0, 0, 0)
114.7797 	EXP 	responsel: foreColor = (0, 0, 0)
114.7963 	EXP 	responsel: foreColor = (0, 0, 0)
114.8130 	EXP 	responsel: foreColor = (0, 0, 0)
114.8297 	EXP 	responsel: foreColor = (0, 0, 0)
114.8463 	EXP 	responsel: foreColor = (0, 0, 0)
114.8630 	EXP 	responsel: foreColor = (0, 0, 0)
114.8796 	EXP 	responsel: foreColor = (0, 0, 0)
114.8963 	EXP 	responsel: foreColor = (0, 0, 0)
114.8963 	EXP 	thermode_locali_pic: autoDraw = False
114.9130 	EXP 	responsel: foreColor = (0, 0, 0)
114.9297 	EXP 	responsel: foreColor = (0, 0, 0)
114.9464 	EXP 	responsel: foreColor = (0, 0, 0)
114.9630 	EXP 	responsel: foreColor = (0, 0, 0)
114.9797 	EXP 	responsel: foreColor = (0, 0, 0)
114.9964 	EXP 	responsel: foreColor = (0, 0, 0)
115.0130 	EXP 	responsel: foreColor = (0, 0, 0)
115.0297 	EXP 	responsel: foreColor = (0, 0, 0)
115.0463 	EXP 	responsel: foreColor = (0, 0, 0)
115.0630 	EXP 	responsel: foreColor = (0, 0, 0)
115.0797 	EXP 	responsel: foreColor = (0, 0, 0)
115.0963 	EXP 	responsel: foreColor = (0, 0, 0)
115.1130 	EXP 	responsel: foreColor = (0, 0, 0)
115.1297 	EXP 	responsel: foreColor = (0, 0, 0)
115.1463 	EXP 	responsel: foreColor = (0, 0, 0)
115.1630 	EXP 	responsel: foreColor = (0, 0, 0)
115.1797 	EXP 	responsel: foreColor = (0, 0, 0)
115.1963 	EXP 	responsel: foreColor = (0, 0, 0)
115.2130 	EXP 	responsel: foreColor = (0, 0, 0)
115.2297 	EXP 	responsel: foreColor = (0, 0, 0)
115.2463 	EXP 	responsel: foreColor = (0, 0, 0)
115.2630 	EXP 	responsel: foreColor = (0, 0, 0)
115.2797 	EXP 	responsel: foreColor = (0, 0, 0)
115.2963 	EXP 	responsel: foreColor = (0, 0, 0)
115.3130 	EXP 	responsel: foreColor = (0, 0, 0)
115.3297 	EXP 	responsel: foreColor = (0, 0, 0)
115.3464 	EXP 	responsel: foreColor = (0, 0, 0)
115.3630 	EXP 	responsel: foreColor = (0, 0, 0)
115.3797 	EXP 	responsel: foreColor = (0, 0, 0)
115.3963 	EXP 	responsel: foreColor = (0, 0, 0)
115.4131 	EXP 	responsel: foreColor = (0, 0, 0)
115.4297 	EXP 	responsel: foreColor = (0, 0, 0)
115.4463 	EXP 	responsel: foreColor = (0, 0, 0)
115.4630 	EXP 	responsel: foreColor = (0, 0, 0)
115.4797 	EXP 	responsel: foreColor = (0, 0, 0)
115.4963 	EXP 	responsel: foreColor = (0, 0, 0)
115.5130 	EXP 	responsel: foreColor = (0, 0, 0)
115.5297 	EXP 	responsel: foreColor = (0, 0, 0)
115.5463 	EXP 	responsel: foreColor = (0, 0, 0)
115.5630 	EXP 	responsel: foreColor = (0, 0, 0)
115.5797 	EXP 	responsel: foreColor = (0, 0, 0)
115.5963 	EXP 	responsel: foreColor = (0, 0, 0)
115.6130 	EXP 	responsel: foreColor = (0, 0, 0)
115.6297 	EXP 	responsel: foreColor = (0, 0, 0)
115.6464 	EXP 	responsel: foreColor = (0, 0, 0)
115.6630 	EXP 	responsel: foreColor = (0, 0, 0)
115.6641 	EXP 	New trial (rep=3, index=0): None
115.6797 	EXP 	responsel: foreColor = (0, 0, 0)
115.6797 	EXP 	responsel: autoDraw = False
115.6797 	EXP 	percu_or: autoDraw = False
115.6797 	EXP 	responser: autoDraw = False
115.6797 	EXP 	thermode_locali_pic: autoDraw = False
115.6797 	EXP 	responsel: autoDraw = False
115.6797 	EXP 	percu_or: autoDraw = False
115.6797 	EXP 	responser: autoDraw = False
115.6797 	EXP 	responsel: foreColor = 'white'
115.6797 	EXP 	responser: foreColor = 'white'
115.6797 	EXP 	text_pic: autoDraw = True
115.6797 	EXP 	croix_3: autoDraw = True
120.6797 	EXP 	text_pic: autoDraw = False
120.6797 	EXP 	croix_3: autoDraw = False
120.6797 	EXP 	text_pic: autoDraw = False
120.6797 	EXP 	croix_3: autoDraw = False
120.6797 	EXP 	thermode_locali_pic: height = 0.02
120.6797 	EXP 	thermode_locali_pic: height = 0.02
120.6797 	EXP 	thermode_locali_pic: height = 0.02
120.6797 	EXP 	thermode_locali_pic: text = 'T : 3'
120.6797 	EXP 	responsel: text = 'NON              '
120.6797 	EXP 	thermode_locali_pic: autoDraw = True
128.6632 	EXP 	responsel: autoDraw = True
128.6632 	EXP 	percu_or: autoDraw = True
128.6632 	EXP 	responser: autoDraw = True
130.3646 	DATA 	Keypress: m
130.3966 	EXP 	responsel: foreColor = (0, 0, 0)
130.4132 	EXP 	responsel: foreColor = (0, 0, 0)
130.4299 	EXP 	responsel: foreColor = (0, 0, 0)
130.4466 	EXP 	responsel: foreColor = (0, 0, 0)
130.4632 	EXP 	responsel: foreColor = (0, 0, 0)
130.4798 	EXP 	responsel: foreColor = (0, 0, 0)
130.4966 	EXP 	responsel: foreColor = (0, 0, 0)
130.5132 	EXP 	responsel: foreColor = (0, 0, 0)
130.5299 	EXP 	responsel: foreColor = (0, 0, 0)
130.5466 	EXP 	responsel: foreColor = (0, 0, 0)
130.5632 	EXP 	responsel: foreColor = (0, 0, 0)
130.5799 	EXP 	responsel: foreColor = (0, 0, 0)
130.5966 	EXP 	responsel: foreColor = (0, 0, 0)
130.6132 	EXP 	responsel: foreColor = (0, 0, 0)
130.6299 	EXP 	responsel: foreColor = (0, 0, 0)
130.6466 	EXP 	responsel: foreColor = (0, 0, 0)
130.6632 	EXP 	responsel: foreColor = (0, 0, 0)
130.6799 	EXP 	responsel: foreColor = (0, 0, 0)
130.6965 	EXP 	responsel: foreColor = (0, 0, 0)
130.7132 	EXP 	responsel: foreColor = (0, 0, 0)
130.7299 	EXP 	responsel: foreColor = (0, 0, 0)
130.7465 	EXP 	responsel: foreColor = (0, 0, 0)
130.7632 	EXP 	responsel: foreColor = (0, 0, 0)
130.7799 	EXP 	responsel: foreColor = (0, 0, 0)
130.7966 	EXP 	responsel: foreColor = (0, 0, 0)
130.8132 	EXP 	responsel: foreColor = (0, 0, 0)
130.8299 	EXP 	responsel: foreColor = (0, 0, 0)
130.8466 	EXP 	responsel: foreColor = (0, 0, 0)
130.8632 	EXP 	responsel: foreColor = (0, 0, 0)
130.8799 	EXP 	responsel: foreColor = (0, 0, 0)
130.8799 	EXP 	thermode_locali_pic: autoDraw = False
130.8966 	EXP 	responsel: foreColor = (0, 0, 0)
130.9132 	EXP 	responsel: foreColor = (0, 0, 0)
130.9299 	EXP 	responsel: foreColor = (0, 0, 0)
130.9466 	EXP 	responsel: foreColor = (0, 0, 0)
130.9632 	EXP 	responsel: foreColor = (0, 0, 0)
130.9800 	EXP 	responsel: foreColor = (0, 0, 0)
130.9965 	EXP 	responsel: foreColor = (0, 0, 0)
131.0132 	EXP 	responsel: foreColor = (0, 0, 0)
131.0299 	EXP 	responsel: foreColor = (0, 0, 0)
131.0466 	EXP 	responsel: foreColor = (0, 0, 0)
131.0632 	EXP 	responsel: foreColor = (0, 0, 0)
131.0798 	EXP 	responsel: foreColor = (0, 0, 0)
131.0965 	EXP 	responsel: foreColor = (0, 0, 0)
131.1132 	EXP 	responsel: foreColor = (0, 0, 0)
131.1299 	EXP 	responsel: foreColor = (0, 0, 0)
131.1466 	EXP 	responsel: foreColor = (0, 0, 0)
131.1633 	EXP 	responsel: foreColor = (0, 0, 0)
131.1799 	EXP 	responsel: foreColor = (0, 0, 0)
131.1966 	EXP 	responsel: foreColor = (0, 0, 0)
131.2132 	EXP 	responsel: foreColor = (0, 0, 0)
131.2299 	EXP 	responsel: foreColor = (0, 0, 0)
131.2466 	EXP 	responsel: foreColor = (0, 0, 0)
131.2632 	EXP 	responsel: foreColor = (0, 0, 0)
131.2800 	EXP 	responsel: foreColor = (0, 0, 0)
131.2966 	EXP 	responsel: foreColor = (0, 0, 0)
131.3132 	EXP 	responsel: foreColor = (0, 0, 0)
131.3299 	EXP 	responsel: foreColor = (0, 0, 0)
131.3466 	EXP 	responsel: foreColor = (0, 0, 0)
131.3632 	EXP 	responsel: foreColor = (0, 0, 0)
131.3799 	EXP 	responsel: foreColor = (0, 0, 0)
131.3966 	EXP 	responsel: foreColor = (0, 0, 0)
131.4132 	EXP 	responsel: foreColor = (0, 0, 0)
131.4299 	EXP 	responsel: foreColor = (0, 0, 0)
131.4466 	EXP 	responsel: foreColor = (0, 0, 0)
131.4633 	EXP 	responsel: foreColor = (0, 0, 0)
131.4799 	EXP 	responsel: foreColor = (0, 0, 0)
131.4966 	EXP 	responsel: foreColor = (0, 0, 0)
131.5133 	EXP 	responsel: foreColor = (0, 0, 0)
131.5299 	EXP 	responsel: foreColor = (0, 0, 0)
131.5466 	EXP 	responsel: foreColor = (0, 0, 0)
131.5632 	EXP 	responsel: foreColor = (0, 0, 0)
131.5800 	EXP 	responsel: foreColor = (0, 0, 0)
131.5966 	EXP 	responsel: foreColor = (0, 0, 0)
131.6132 	EXP 	responsel: foreColor = (0, 0, 0)
131.6299 	EXP 	responsel: foreColor = (0, 0, 0)
131.6466 	EXP 	responsel: foreColor = (0, 0, 0)
131.6476 	EXP 	New trial (rep=4, index=0): None
131.6632 	EXP 	responsel: foreColor = (0, 0, 0)
131.6632 	EXP 	responsel: autoDraw = False
131.6632 	EXP 	percu_or: autoDraw = False
131.6632 	EXP 	responser: autoDraw = False
131.6632 	EXP 	thermode_locali_pic: autoDraw = False
131.6632 	EXP 	responsel: autoDraw = False
131.6632 	EXP 	percu_or: autoDraw = False
131.6632 	EXP 	responser: autoDraw = False
131.6632 	EXP 	responsel: foreColor = 'white'
131.6632 	EXP 	responser: foreColor = 'white'
131.6632 	EXP 	text_pic: autoDraw = True
131.6632 	EXP 	croix_3: autoDraw = True
136.6633 	EXP 	text_pic: autoDraw = False
136.6633 	EXP 	croix_3: autoDraw = False
136.6633 	EXP 	text_pic: autoDraw = False
136.6633 	EXP 	croix_3: autoDraw = False
136.6633 	EXP 	thermode_locali_pic: height = 0.02
136.6633 	EXP 	thermode_locali_pic: height = 0.02
136.6633 	EXP 	thermode_locali_pic: height = 0.02
136.6633 	EXP 	thermode_locali_pic: text = 'T : 0'
136.6633 	EXP 	responsel: text = 'NON              '
136.6633 	EXP 	thermode_locali_pic: autoDraw = True
144.6467 	EXP 	responsel: autoDraw = True
144.6467 	EXP 	percu_or: autoDraw = True
144.6467 	EXP 	responser: autoDraw = True
145.4980 	DATA 	Keypress: m
145.5300 	EXP 	responsel: foreColor = (0, 0, 0)
145.5467 	EXP 	responsel: foreColor = (0, 0, 0)
145.5634 	EXP 	responsel: foreColor = (0, 0, 0)
145.5800 	EXP 	responsel: foreColor = (0, 0, 0)
145.5967 	EXP 	responsel: foreColor = (0, 0, 0)
145.6134 	EXP 	responsel: foreColor = (0, 0, 0)
145.6301 	EXP 	responsel: foreColor = (0, 0, 0)
145.6467 	EXP 	responsel: foreColor = (0, 0, 0)
145.6634 	EXP 	responsel: foreColor = (0, 0, 0)
145.6801 	EXP 	responsel: foreColor = (0, 0, 0)
145.6967 	EXP 	responsel: foreColor = (0, 0, 0)
145.7134 	EXP 	responsel: foreColor = (0, 0, 0)
145.7301 	EXP 	responsel: foreColor = (0, 0, 0)
145.7468 	EXP 	responsel: foreColor = (0, 0, 0)
145.7634 	EXP 	responsel: foreColor = (0, 0, 0)
145.7800 	EXP 	responsel: foreColor = (0, 0, 0)
145.7967 	EXP 	responsel: foreColor = (0, 0, 0)
145.8134 	EXP 	responsel: foreColor = (0, 0, 0)
145.8300 	EXP 	responsel: foreColor = (0, 0, 0)
145.8467 	EXP 	responsel: foreColor = (0, 0, 0)
145.8634 	EXP 	responsel: foreColor = (0, 0, 0)
145.8800 	EXP 	responsel: foreColor = (0, 0, 0)
145.8967 	EXP 	responsel: foreColor = (0, 0, 0)
145.9134 	EXP 	responsel: foreColor = (0, 0, 0)
145.9300 	EXP 	responsel: foreColor = (0, 0, 0)
145.9467 	EXP 	responsel: foreColor = (0, 0, 0)
145.9633 	EXP 	responsel: foreColor = (0, 0, 0)
145.9800 	EXP 	responsel: foreColor = (0, 0, 0)
145.9967 	EXP 	responsel: foreColor = (0, 0, 0)
146.0133 	EXP 	responsel: foreColor = (0, 0, 0)
146.0301 	EXP 	responsel: foreColor = (0, 0, 0)
146.0467 	EXP 	responsel: foreColor = (0, 0, 0)
146.0634 	EXP 	responsel: foreColor = (0, 0, 0)
146.0800 	EXP 	responsel: foreColor = (0, 0, 0)
146.0967 	EXP 	responsel: foreColor = (0, 0, 0)
146.1134 	EXP 	responsel: foreColor = (0, 0, 0)
146.1301 	EXP 	responsel: foreColor = (0, 0, 0)
146.1467 	EXP 	responsel: foreColor = (0, 0, 0)
146.1634 	EXP 	responsel: foreColor = (0, 0, 0)
146.1800 	EXP 	responsel: foreColor = (0, 0, 0)
146.1967 	EXP 	responsel: foreColor = (0, 0, 0)
146.2134 	EXP 	responsel: foreColor = (0, 0, 0)
146.2301 	EXP 	responsel: foreColor = (0, 0, 0)
146.2467 	EXP 	responsel: foreColor = (0, 0, 0)
146.2634 	EXP 	responsel: foreColor = (0, 0, 0)
146.2800 	EXP 	responsel: foreColor = (0, 0, 0)
146.2967 	EXP 	responsel: foreColor = (0, 0, 0)
146.3134 	EXP 	responsel: foreColor = (0, 0, 0)
146.3300 	EXP 	responsel: foreColor = (0, 0, 0)
146.3468 	EXP 	responsel: foreColor = (0, 0, 0)
146.3634 	EXP 	responsel: foreColor = (0, 0, 0)
146.3801 	EXP 	responsel: foreColor = (0, 0, 0)
146.3967 	EXP 	responsel: foreColor = (0, 0, 0)
146.4134 	EXP 	responsel: foreColor = (0, 0, 0)
146.4301 	EXP 	responsel: foreColor = (0, 0, 0)
146.4467 	EXP 	responsel: foreColor = (0, 0, 0)
146.4634 	EXP 	responsel: foreColor = (0, 0, 0)
146.4801 	EXP 	responsel: foreColor = (0, 0, 0)
146.4967 	EXP 	responsel: foreColor = (0, 0, 0)
146.5134 	EXP 	responsel: foreColor = (0, 0, 0)
146.5301 	EXP 	responsel: foreColor = (0, 0, 0)
146.5467 	EXP 	responsel: foreColor = (0, 0, 0)
146.5634 	EXP 	responsel: foreColor = (0, 0, 0)
146.5801 	EXP 	responsel: foreColor = (0, 0, 0)
146.5967 	EXP 	responsel: foreColor = (0, 0, 0)
146.6133 	EXP 	responsel: foreColor = (0, 0, 0)
146.6300 	EXP 	responsel: foreColor = (0, 0, 0)
146.6468 	EXP 	responsel: foreColor = (0, 0, 0)
146.6634 	EXP 	responsel: foreColor = (0, 0, 0)
146.6800 	EXP 	responsel: foreColor = (0, 0, 0)
146.6967 	EXP 	responsel: foreColor = (0, 0, 0)
146.7134 	EXP 	responsel: foreColor = (0, 0, 0)
146.7301 	EXP 	responsel: foreColor = (0, 0, 0)
146.7467 	EXP 	responsel: foreColor = (0, 0, 0)
146.7633 	EXP 	responsel: foreColor = (0, 0, 0)
146.7801 	EXP 	responsel: foreColor = (0, 0, 0)
146.7967 	EXP 	responsel: foreColor = (0, 0, 0)
146.8134 	EXP 	responsel: foreColor = (0, 0, 0)
146.8301 	EXP 	responsel: foreColor = (0, 0, 0)
146.8467 	EXP 	responsel: foreColor = (0, 0, 0)
146.8634 	EXP 	responsel: foreColor = (0, 0, 0)
146.8634 	EXP 	thermode_locali_pic: autoDraw = False
146.8801 	EXP 	responsel: foreColor = (0, 0, 0)
146.8967 	EXP 	responsel: foreColor = (0, 0, 0)
146.9133 	EXP 	responsel: foreColor = (0, 0, 0)
146.9301 	EXP 	responsel: foreColor = (0, 0, 0)
146.9467 	EXP 	responsel: foreColor = (0, 0, 0)
146.9634 	EXP 	responsel: foreColor = (0, 0, 0)
146.9801 	EXP 	responsel: foreColor = (0, 0, 0)
146.9967 	EXP 	responsel: foreColor = (0, 0, 0)
147.0134 	EXP 	responsel: foreColor = (0, 0, 0)
147.0301 	EXP 	responsel: foreColor = (0, 0, 0)
147.0467 	EXP 	responsel: foreColor = (0, 0, 0)
147.0634 	EXP 	responsel: foreColor = (0, 0, 0)
147.0801 	EXP 	responsel: foreColor = (0, 0, 0)
147.0967 	EXP 	responsel: foreColor = (0, 0, 0)
147.1134 	EXP 	responsel: foreColor = (0, 0, 0)
147.1301 	EXP 	responsel: foreColor = (0, 0, 0)
147.1467 	EXP 	responsel: foreColor = (0, 0, 0)
147.1634 	EXP 	responsel: foreColor = (0, 0, 0)
147.1801 	EXP 	responsel: foreColor = (0, 0, 0)
147.1967 	EXP 	responsel: foreColor = (0, 0, 0)
147.2134 	EXP 	responsel: foreColor = (0, 0, 0)
147.2301 	EXP 	responsel: foreColor = (0, 0, 0)
147.2467 	EXP 	responsel: foreColor = (0, 0, 0)
147.2634 	EXP 	responsel: foreColor = (0, 0, 0)
147.2801 	EXP 	responsel: foreColor = (0, 0, 0)
147.2967 	EXP 	responsel: foreColor = (0, 0, 0)
147.3134 	EXP 	responsel: foreColor = (0, 0, 0)
147.3301 	EXP 	responsel: foreColor = (0, 0, 0)
147.3467 	EXP 	responsel: foreColor = (0, 0, 0)
147.3634 	EXP 	responsel: foreColor = (0, 0, 0)
147.3801 	EXP 	responsel: foreColor = (0, 0, 0)
147.3968 	EXP 	responsel: foreColor = (0, 0, 0)
147.4134 	EXP 	responsel: foreColor = (0, 0, 0)
147.4301 	EXP 	responsel: foreColor = (0, 0, 0)
147.4467 	EXP 	responsel: foreColor = (0, 0, 0)
147.4635 	EXP 	responsel: foreColor = (0, 0, 0)
147.4801 	EXP 	responsel: foreColor = (0, 0, 0)
147.4967 	EXP 	responsel: foreColor = (0, 0, 0)
147.5134 	EXP 	responsel: foreColor = (0, 0, 0)
147.5301 	EXP 	responsel: foreColor = (0, 0, 0)
147.5467 	EXP 	responsel: foreColor = (0, 0, 0)
147.5634 	EXP 	responsel: foreColor = (0, 0, 0)
147.5801 	EXP 	responsel: foreColor = (0, 0, 0)
147.5967 	EXP 	responsel: foreColor = (0, 0, 0)
147.6134 	EXP 	responsel: foreColor = (0, 0, 0)
147.6301 	EXP 	responsel: foreColor = (0, 0, 0)
147.6312 	EXP 	New trial (rep=5, index=0): None
147.6467 	EXP 	responsel: foreColor = (0, 0, 0)
147.6467 	EXP 	responsel: autoDraw = False
147.6467 	EXP 	percu_or: autoDraw = False
147.6467 	EXP 	responser: autoDraw = False
147.6467 	EXP 	thermode_locali_pic: autoDraw = False
147.6467 	EXP 	responsel: autoDraw = False
147.6467 	EXP 	percu_or: autoDraw = False
147.6467 	EXP 	responser: autoDraw = False
147.6467 	EXP 	responsel: foreColor = 'white'
147.6467 	EXP 	responser: foreColor = 'white'
147.6467 	EXP 	text_pic: autoDraw = True
147.6467 	EXP 	croix_3: autoDraw = True
152.6468 	EXP 	text_pic: autoDraw = False
152.6468 	EXP 	croix_3: autoDraw = False
152.6468 	EXP 	text_pic: autoDraw = False
152.6468 	EXP 	croix_3: autoDraw = False
152.6468 	EXP 	thermode_locali_pic: height = 0.02
152.6468 	EXP 	thermode_locali_pic: height = 0.02
152.6468 	EXP 	thermode_locali_pic: height = 0.02
152.6468 	EXP 	thermode_locali_pic: text = 'T : 1'
152.6468 	EXP 	responsel: text = 'NON              '
152.6468 	EXP 	thermode_locali_pic: autoDraw = True
160.6302 	EXP 	responsel: autoDraw = True
160.6302 	EXP 	percu_or: autoDraw = True
160.6302 	EXP 	responser: autoDraw = True
160.7983 	DATA 	Keypress: escape
160.9805 	EXP 	2024_RDpaindiscrimination_QUEST: status = STOPPED
160.9969 	EXP 	thermode_locali_pic: autoDraw = False
160.9969 	EXP 	responsel: autoDraw = False
160.9969 	EXP 	percu_or: autoDraw = False
160.9969 	EXP 	responser: autoDraw = False
160.9969 	EXP 	2024_RDpaindiscrimination_QUEST: status = STOPPED
161.1005 	EXP 	window1: mouseVisible = True
