10.1289 	EXP 	Created window1 = Window(allowGUI=True, allowStencil=False, autoLog=True, backendConf=UNKNOWN, backgroundFit=<method-wrapper '__getattribute__' of attributeSetter object at 0x000001BA2BC220A0>, backgroundImage=<method-wrapper '__getattribute__' of attributeSetter object at 0x000001BA2BC22040>, bitsMode=UNKNOWN, blendMode='avg', bpc=(8, 8, 8), color=array([0, 0, 0]), colorSpace='rgb', depthBits=8, fullscr=<method-wrapper '__getattribute__' of attributeSetter object at 0x000001BA2BC10EE0>, gamma=None, gammaErrorPolicy='raise', lms=UNKNOWN, monitor=<psychopy.monitors.calibTools.Monitor object at 0x000001BA2C034100>, multiSample=False, name='window1', numSamples=2, pos=(0, 0), screen=0, size=array([1920, 1080]), stencilBits=0, stereo=False, title='PsychoPy', units='height', useFBO=True, useRetina=False, viewOri=0.0, viewPos=None, viewScale=None, waitBlanking=True, winType='pyglet')
10.1290 	EXP 	window1: mouseVisible = True
10.1290 	EXP 	window1: backgroundImage = ''
10.1290 	EXP 	window1: backgroundFit = 'none'
10.1297 	EXP 	window1: Attempting to measure frame rate of screen (0) ...
10.1297 	EXP 	window1: recordFrameIntervals = False
10.2954 	EXP 	window1: recordFrameIntervals = True
10.4787 	EXP 	Screen (0) actual frame rate measured at 59.99Hz
10.4788 	EXP 	window1: recordFrameIntervals = False
10.4788 	EXP 	window1: mouseVisible = False
11.4927 	EXP 	2024_RDpaindiscrimination_QUEST: status = STARTED
11.7706 	EXP 	window1: mouseVisible = True
11.7737 	EXP 	Created polygon = Circle(__class__=<class 'psychopy.visual.circle.Circle'>, anchor=('center', 'center'), autoDraw=False, autoLog=True, closeShape=True, color=method-wrapper(...), colorSpace='rgb', contrast=None, depth=-1.0, draggable=False, fillColor=array([1, 1, 1]), fillColorSpace='rgb', fillRGB=array([1, 1, 1]), interpolate=True, lineColor=array([1., 1., 1.]), lineColorSpace='rgb', lineRGB=array([1, 1, 1]), lineWidth=1.0, name='polygon', opacity=1.0, ori=0.0, pos=array([0., 0.]), size=array([0.5, 0.5]), units='height', vertices=ndarray(...), win=Window(...))
11.7749 	EXP 	window1: mouseVisible = True
11.7771 	EXP 	Created polygon_1_black = Circle(__class__=<class 'psychopy.visual.circle.Circle'>, anchor=('center', 'center'), autoDraw=False, autoLog=True, closeShape=True, color=method-wrapper(...), colorSpace='rgb', contrast=None, depth=-1.0, draggable=False, fillColor=array([-0.5, -0.5, -0.5]), fillColorSpace='rgb', fillRGB=array([-0.5, -0.5, -0.5]), interpolate=True, lineColor=array([-0.5, -0.5, -0.5]), lineColorSpace='rgb', lineRGB=array([-0.5, -0.5, -0.5]), lineWidth=1.0, name='polygon_1_black', opacity=1.0, ori=0.0, pos=array([0., 0.]), size=array([0.4, 0.4]), units='height', vertices=ndarray(...), win=Window(...))
11.7772 	EXP 	window1: mouseVisible = True
11.8156 	EXP 	Created text_bonjour = TextStim(__class__=<class 'psychopy.visual.text.TextStim'>, alignHoriz=method-wrapper(...), alignText='center', alignVert=method-wrapper(...), anchorHoriz='center', anchorVert='center', antialias=True, autoDraw=False, autoLog=True, bold=False, color=array([1., 1., 1.]), colorSpace='rgb', contrast=1.0, depth=-1.0, draggable=False, flipHoriz=False, flipVert=False, font='Open Sans', fontFiles=[], height=0.05, italic=False, languageStyle='LTR', name='text_bonjour', opacity=1.0, ori=0.0, pos=array([0., 0.]), rgb=UNKNOWN, text=str(...), units='height', win=Window(...), wrapWidth=1)
11.8157 	EXP 	window1: mouseVisible = True
11.8164 	EXP 	Created text_pic = TextStim(__class__=<class 'psychopy.visual.text.TextStim'>, alignHoriz=method-wrapper(...), alignText='center', alignVert=method-wrapper(...), anchorHoriz='center', anchorVert='center', antialias=True, autoDraw=False, autoLog=True, bold=False, color=array([1., 1., 1.]), colorSpace='rgb', contrast=1.0, depth=-1.0, draggable=False, flipHoriz=False, flipVert=False, font='Open Sans', fontFiles=[], height=0.02, italic=False, languageStyle='LTR', name='text_pic', opacity=1.0, ori=0.0, pos=array([-0.7 , -0.45]), rgb=UNKNOWN, text='', units='height', win=Window(...), wrapWidth=1)
11.8164 	EXP 	window1: mouseVisible = True
11.8192 	EXP 	Created croix_3 = TextStim(__class__=<class 'psychopy.visual.text.TextStim'>, alignHoriz=method-wrapper(...), alignText='center', alignVert=method-wrapper(...), anchorHoriz='center', anchorVert='center', antialias=True, autoDraw=False, autoLog=True, bold=False, color=array([1., 1., 1.]), colorSpace='rgb', contrast=1.0, depth=-2.0, draggable=False, flipHoriz=False, flipVert=False, font='Open Sans', fontFiles=[], height=0.2, italic=False, languageStyle='LTR', name='croix_3', opacity=1.0, ori=0.0, pos=array([0., 0.]), rgb=UNKNOWN, text='+', units='height', win=Window(...), wrapWidth=1)
11.8193 	EXP 	window1: mouseVisible = True
11.8197 	EXP 	Created thermode_locali_pic = TextStim(__class__=<class 'psychopy.visual.text.TextStim'>, alignHoriz=method-wrapper(...), alignText='center', alignVert=method-wrapper(...), anchorHoriz='center', anchorVert='center', antialias=True, autoDraw=False, autoLog=True, bold=False, color=array([1., 1., 1.]), colorSpace='rgb', contrast=1.0, depth=-1.0, draggable=False, flipHoriz=False, flipVert=False, font='Open Sans', fontFiles=[], height=0.02, italic=False, languageStyle='LTR', name='thermode_locali_pic', opacity=1.0, ori=0.0, pos=array([-0.7 , -0.45]), rgb=UNKNOWN, text='', units='height', win=Window(...), wrapWidth=1)
11.8198 	EXP 	window1: mouseVisible = True
11.8205 	EXP 	Created responsel = TextStim(__class__=<class 'psychopy.visual.text.TextStim'>, alignHoriz=method-wrapper(...), alignText='center', alignVert=method-wrapper(...), anchorHoriz='center', anchorVert='center', antialias=True, autoDraw=False, autoLog=True, bold=False, color=array([1., 1., 1.]), colorSpace='rgb', contrast=1.0, depth=-3.0, draggable=False, flipHoriz=False, flipVert=False, font='Open Sans', fontFiles=[], height=0.08, italic=False, languageStyle='LTR', name='responsel', opacity=1.0, ori=0.0, pos=array([0., 0.]), rgb=UNKNOWN, text='', units='height', win=Window(...), wrapWidth=1)
11.8206 	EXP 	window1: mouseVisible = True
11.8250 	EXP 	Created percu_or = TextStim(__class__=<class 'psychopy.visual.text.TextStim'>, alignHoriz=method-wrapper(...), alignText='center', alignVert=method-wrapper(...), anchorHoriz='center', anchorVert='center', antialias=True, autoDraw=False, autoLog=True, bold=False, color=array([1., 1., 1.]), colorSpace='rgb', contrast=1.0, depth=-4.0, draggable=False, flipHoriz=False, flipVert=False, font='Open Sans', fontFiles=[], height=0.05, italic=False, languageStyle='LTR', name='percu_or', opacity=1.0, ori=0.0, pos=array([0. , 0.3]), rgb=UNKNOWN, text='Avez-vous perçu un changement?', units='height', win=Window(...), wrapWidth=1)
11.8251 	EXP 	window1: mouseVisible = True
11.8278 	EXP 	Created responser = TextStim(__class__=<class 'psychopy.visual.text.TextStim'>, alignHoriz=method-wrapper(...), alignText='center', alignVert=method-wrapper(...), anchorHoriz='center', anchorVert='center', antialias=True, autoDraw=False, autoLog=True, bold=False, color=array([1., 1., 1.]), colorSpace='rgb', contrast=1.0, depth=-5.0, draggable=False, flipHoriz=False, flipVert=False, font='Open Sans', fontFiles=[], height=0.08, italic=False, languageStyle='LTR', name='responser', opacity=1.0, ori=0.0, pos=array([0., 0.]), rgb=UNKNOWN, text='              OUI', units='height', win=Window(...), wrapWidth=1)
11.8278 	EXP 	window1: mouseVisible = True
11.8302 	EXP 	Created text = TextStim(__class__=<class 'psychopy.visual.text.TextStim'>, alignHoriz=method-wrapper(...), alignText='center', alignVert=method-wrapper(...), anchorHoriz='center', anchorVert='center', antialias=True, autoDraw=False, autoLog=True, bold=False, color=array([1., 1., 1.]), colorSpace='rgb', contrast=1.0, depth=0.0, draggable=False, flipHoriz=False, flipVert=False, font='Open Sans', fontFiles=[], height=0.05, italic=False, languageStyle='LTR', name='text', opacity=1.0, ori=0.0, pos=array([0., 0.]), rgb=UNKNOWN, text='Calibration terminée.', units='height', win=Window(...), wrapWidth=1)
0.0152 	EXP 	window1: mouseVisible = False
0.0319 	EXP 	text_bonjour: autoDraw = True
8.4324 	EXP 	Created sequence: sequential, trialTypes=1, nReps=40, seed=None
8.4326 	EXP 	New trial (rep=0, index=0): None
8.4364 	DATA 	Keypress: p
8.4486 	EXP 	text_bonjour: autoDraw = False
8.4486 	EXP 	text_pic: autoDraw = True
8.4486 	EXP 	croix_3: autoDraw = True
13.4486 	EXP 	text_pic: autoDraw = False
13.4486 	EXP 	croix_3: autoDraw = False
13.4486 	EXP 	text_pic: autoDraw = False
13.4486 	EXP 	croix_3: autoDraw = False
13.4486 	EXP 	thermode_locali_pic: height = 0.02
13.4486 	EXP 	thermode_locali_pic: height = 0.02
13.4486 	EXP 	thermode_locali_pic: height = 0.02
13.4486 	EXP 	thermode_locali_pic: text = 'T : 0'
13.4486 	EXP 	responsel: height = 0.08
13.4486 	EXP 	responsel: height = 0.08
13.4486 	EXP 	responsel: height = 0.08
13.4486 	EXP 	responsel: text = 'NON              '
13.4486 	EXP 	thermode_locali_pic: autoDraw = True
21.4321 	EXP 	responsel: autoDraw = True
21.4321 	EXP 	percu_or: autoDraw = True
21.4321 	EXP 	responser: autoDraw = True
22.6167 	DATA 	Keypress: n
22.6488 	EXP 	responser: foreColor = (0, 0, 0)
22.6654 	EXP 	responser: foreColor = (0, 0, 0)
22.6821 	EXP 	responser: foreColor = (0, 0, 0)
22.6987 	EXP 	responser: foreColor = (0, 0, 0)
22.7154 	EXP 	responser: foreColor = (0, 0, 0)
22.7321 	EXP 	responser: foreColor = (0, 0, 0)
22.7488 	EXP 	responser: foreColor = (0, 0, 0)
22.7654 	EXP 	responser: foreColor = (0, 0, 0)
22.7821 	EXP 	responser: foreColor = (0, 0, 0)
22.7988 	EXP 	responser: foreColor = (0, 0, 0)
22.8154 	EXP 	responser: foreColor = (0, 0, 0)
22.8321 	EXP 	responser: foreColor = (0, 0, 0)
22.8488 	EXP 	responser: foreColor = (0, 0, 0)
22.8654 	EXP 	responser: foreColor = (0, 0, 0)
22.8820 	EXP 	responser: foreColor = (0, 0, 0)
22.8988 	EXP 	responser: foreColor = (0, 0, 0)
22.9154 	EXP 	responser: foreColor = (0, 0, 0)
22.9321 	EXP 	responser: foreColor = (0, 0, 0)
22.9488 	EXP 	responser: foreColor = (0, 0, 0)
22.9654 	EXP 	responser: foreColor = (0, 0, 0)
22.9821 	EXP 	responser: foreColor = (0, 0, 0)
22.9988 	EXP 	responser: foreColor = (0, 0, 0)
23.0154 	EXP 	responser: foreColor = (0, 0, 0)
23.0321 	EXP 	responser: foreColor = (0, 0, 0)
23.0488 	EXP 	responser: foreColor = (0, 0, 0)
23.0654 	EXP 	responser: foreColor = (0, 0, 0)
23.0821 	EXP 	responser: foreColor = (0, 0, 0)
23.0987 	EXP 	responser: foreColor = (0, 0, 0)
23.1154 	EXP 	responser: foreColor = (0, 0, 0)
23.1321 	EXP 	responser: foreColor = (0, 0, 0)
23.1488 	EXP 	responser: foreColor = (0, 0, 0)
23.1654 	EXP 	responser: foreColor = (0, 0, 0)
23.1821 	EXP 	responser: foreColor = (0, 0, 0)
23.1988 	EXP 	responser: foreColor = (0, 0, 0)
23.2154 	EXP 	responser: foreColor = (0, 0, 0)
23.2321 	EXP 	responser: foreColor = (0, 0, 0)
23.2488 	EXP 	responser: foreColor = (0, 0, 0)
23.2655 	EXP 	responser: foreColor = (0, 0, 0)
23.2821 	EXP 	responser: foreColor = (0, 0, 0)
23.2988 	EXP 	responser: foreColor = (0, 0, 0)
23.3154 	EXP 	responser: foreColor = (0, 0, 0)
23.3321 	EXP 	responser: foreColor = (0, 0, 0)
23.3488 	EXP 	responser: foreColor = (0, 0, 0)
23.3654 	EXP 	responser: foreColor = (0, 0, 0)
23.3821 	EXP 	responser: foreColor = (0, 0, 0)
23.3988 	EXP 	responser: foreColor = (0, 0, 0)
23.4154 	EXP 	responser: foreColor = (0, 0, 0)
23.4321 	EXP 	responser: foreColor = (0, 0, 0)
23.4488 	EXP 	responser: foreColor = (0, 0, 0)
23.4654 	EXP 	responser: foreColor = (0, 0, 0)
23.4821 	EXP 	responser: foreColor = (0, 0, 0)
23.4988 	EXP 	responser: foreColor = (0, 0, 0)
23.5154 	EXP 	responser: foreColor = (0, 0, 0)
23.5321 	EXP 	responser: foreColor = (0, 0, 0)
23.5488 	EXP 	responser: foreColor = (0, 0, 0)
23.5654 	EXP 	responser: foreColor = (0, 0, 0)
23.5821 	EXP 	responser: foreColor = (0, 0, 0)
23.5987 	EXP 	responser: foreColor = (0, 0, 0)
23.6154 	EXP 	responser: foreColor = (0, 0, 0)
23.6321 	EXP 	responser: foreColor = (0, 0, 0)
23.6488 	EXP 	responser: foreColor = (0, 0, 0)
23.6488 	EXP 	thermode_locali_pic: autoDraw = False
23.6654 	EXP 	responser: foreColor = (0, 0, 0)
23.6821 	EXP 	responser: foreColor = (0, 0, 0)
23.6988 	EXP 	responser: foreColor = (0, 0, 0)
23.7154 	EXP 	responser: foreColor = (0, 0, 0)
23.7321 	EXP 	responser: foreColor = (0, 0, 0)
23.7487 	EXP 	responser: foreColor = (0, 0, 0)
23.7654 	EXP 	responser: foreColor = (0, 0, 0)
23.7821 	EXP 	responser: foreColor = (0, 0, 0)
23.7988 	EXP 	responser: foreColor = (0, 0, 0)
23.8154 	EXP 	responser: foreColor = (0, 0, 0)
23.8321 	EXP 	responser: foreColor = (0, 0, 0)
23.8488 	EXP 	responser: foreColor = (0, 0, 0)
23.8655 	EXP 	responser: foreColor = (0, 0, 0)
23.8821 	EXP 	responser: foreColor = (0, 0, 0)
23.8988 	EXP 	responser: foreColor = (0, 0, 0)
23.9155 	EXP 	responser: foreColor = (0, 0, 0)
23.9321 	EXP 	responser: foreColor = (0, 0, 0)
23.9488 	EXP 	responser: foreColor = (0, 0, 0)
23.9654 	EXP 	responser: foreColor = (0, 0, 0)
23.9821 	EXP 	responser: foreColor = (0, 0, 0)
23.9988 	EXP 	responser: foreColor = (0, 0, 0)
24.0154 	EXP 	responser: foreColor = (0, 0, 0)
24.0320 	EXP 	responser: foreColor = (0, 0, 0)
24.0488 	EXP 	responser: foreColor = (0, 0, 0)
24.0654 	EXP 	responser: foreColor = (0, 0, 0)
24.0821 	EXP 	responser: foreColor = (0, 0, 0)
24.0988 	EXP 	responser: foreColor = (0, 0, 0)
24.1154 	EXP 	responser: foreColor = (0, 0, 0)
24.1321 	EXP 	responser: foreColor = (0, 0, 0)
24.1487 	EXP 	responser: foreColor = (0, 0, 0)
24.1655 	EXP 	responser: foreColor = (0, 0, 0)
24.1821 	EXP 	responser: foreColor = (0, 0, 0)
24.1988 	EXP 	responser: foreColor = (0, 0, 0)
24.2154 	EXP 	responser: foreColor = (0, 0, 0)
24.2321 	EXP 	responser: foreColor = (0, 0, 0)
24.2488 	EXP 	responser: foreColor = (0, 0, 0)
24.2654 	EXP 	responser: foreColor = (0, 0, 0)
24.2821 	EXP 	responser: foreColor = (0, 0, 0)
24.2988 	EXP 	responser: foreColor = (0, 0, 0)
24.3154 	EXP 	responser: foreColor = (0, 0, 0)
24.3321 	EXP 	responser: foreColor = (0, 0, 0)
24.3488 	EXP 	responser: foreColor = (0, 0, 0)
24.3654 	EXP 	responser: foreColor = (0, 0, 0)
24.3821 	EXP 	responser: foreColor = (0, 0, 0)
24.3988 	EXP 	responser: foreColor = (0, 0, 0)
24.4155 	EXP 	responser: foreColor = (0, 0, 0)
24.4168 	EXP 	New trial (rep=1, index=0): None
24.4322 	EXP 	responser: foreColor = (0, 0, 0)
24.4322 	EXP 	responsel: autoDraw = False
24.4322 	EXP 	percu_or: autoDraw = False
24.4322 	EXP 	responser: autoDraw = False
24.4322 	EXP 	thermode_locali_pic: autoDraw = False
24.4322 	EXP 	responsel: autoDraw = False
24.4322 	EXP 	percu_or: autoDraw = False
24.4322 	EXP 	responser: autoDraw = False
24.4322 	EXP 	responsel: foreColor = 'white'
24.4322 	EXP 	responser: foreColor = 'white'
24.4322 	EXP 	text_pic: autoDraw = True
24.4322 	EXP 	croix_3: autoDraw = True
29.4321 	EXP 	text_pic: autoDraw = False
29.4321 	EXP 	croix_3: autoDraw = False
29.4321 	EXP 	text_pic: autoDraw = False
29.4321 	EXP 	croix_3: autoDraw = False
29.4321 	EXP 	thermode_locali_pic: height = 0.02
29.4321 	EXP 	thermode_locali_pic: height = 0.02
29.4321 	EXP 	thermode_locali_pic: height = 0.02
29.4321 	EXP 	thermode_locali_pic: text = 'T : 1'
29.4321 	EXP 	responsel: text = 'NON              '
29.4321 	EXP 	thermode_locali_pic: autoDraw = True
37.4322 	EXP 	responsel: autoDraw = True
37.4322 	EXP 	percu_or: autoDraw = True
37.4322 	EXP 	responser: autoDraw = True
39.6323 	EXP 	thermode_locali_pic: autoDraw = False
40.4166 	EXP 	New trial (rep=2, index=0): None
40.4323 	EXP 	responsel: autoDraw = False
40.4323 	EXP 	percu_or: autoDraw = False
40.4323 	EXP 	responser: autoDraw = False
40.4323 	EXP 	thermode_locali_pic: autoDraw = False
40.4323 	EXP 	responsel: autoDraw = False
40.4323 	EXP 	percu_or: autoDraw = False
40.4323 	EXP 	responser: autoDraw = False
40.4323 	EXP 	responsel: foreColor = 'white'
40.4323 	EXP 	responser: foreColor = 'white'
40.4323 	EXP 	text_pic: autoDraw = True
40.4323 	EXP 	croix_3: autoDraw = True
45.4323 	EXP 	text_pic: autoDraw = False
45.4323 	EXP 	croix_3: autoDraw = False
45.4323 	EXP 	text_pic: autoDraw = False
45.4323 	EXP 	croix_3: autoDraw = False
45.4323 	EXP 	thermode_locali_pic: height = 0.02
45.4323 	EXP 	thermode_locali_pic: height = 0.02
45.4323 	EXP 	thermode_locali_pic: height = 0.02
45.4323 	EXP 	thermode_locali_pic: text = 'T : 2'
45.4323 	EXP 	responsel: text = 'NON              '
45.4323 	EXP 	thermode_locali_pic: autoDraw = True
53.4157 	EXP 	responsel: autoDraw = True
53.4157 	EXP 	percu_or: autoDraw = True
53.4157 	EXP 	responser: autoDraw = True
54.0338 	DATA 	Keypress: m
54.0657 	EXP 	responsel: foreColor = (0, 0, 0)
54.0824 	EXP 	responsel: foreColor = (0, 0, 0)
54.0991 	EXP 	responsel: foreColor = (0, 0, 0)
54.1158 	EXP 	responsel: foreColor = (0, 0, 0)
54.1324 	EXP 	responsel: foreColor = (0, 0, 0)
54.1491 	EXP 	responsel: foreColor = (0, 0, 0)
54.1657 	EXP 	responsel: foreColor = (0, 0, 0)
54.1825 	EXP 	responsel: foreColor = (0, 0, 0)
54.1991 	EXP 	responsel: foreColor = (0, 0, 0)
54.2157 	EXP 	responsel: foreColor = (0, 0, 0)
54.2324 	EXP 	responsel: foreColor = (0, 0, 0)
54.2491 	EXP 	responsel: foreColor = (0, 0, 0)
54.2657 	EXP 	responsel: foreColor = (0, 0, 0)
54.2824 	EXP 	responsel: foreColor = (0, 0, 0)
54.2991 	EXP 	responsel: foreColor = (0, 0, 0)
54.3158 	EXP 	responsel: foreColor = (0, 0, 0)
54.3324 	EXP 	responsel: foreColor = (0, 0, 0)
54.3491 	EXP 	responsel: foreColor = (0, 0, 0)
54.3657 	EXP 	responsel: foreColor = (0, 0, 0)
54.3824 	EXP 	responsel: foreColor = (0, 0, 0)
54.3991 	EXP 	responsel: foreColor = (0, 0, 0)
54.4157 	EXP 	responsel: foreColor = (0, 0, 0)
54.4324 	EXP 	responsel: foreColor = (0, 0, 0)
54.4491 	EXP 	responsel: foreColor = (0, 0, 0)
54.4657 	EXP 	responsel: foreColor = (0, 0, 0)
54.4823 	EXP 	responsel: foreColor = (0, 0, 0)
54.4990 	EXP 	responsel: foreColor = (0, 0, 0)
54.5157 	EXP 	responsel: foreColor = (0, 0, 0)
54.5324 	EXP 	responsel: foreColor = (0, 0, 0)
54.5491 	EXP 	responsel: foreColor = (0, 0, 0)
54.5657 	EXP 	responsel: foreColor = (0, 0, 0)
54.5824 	EXP 	responsel: foreColor = (0, 0, 0)
54.5990 	EXP 	responsel: foreColor = (0, 0, 0)
54.6157 	EXP 	responsel: foreColor = (0, 0, 0)
54.6324 	EXP 	responsel: foreColor = (0, 0, 0)
54.6491 	EXP 	responsel: foreColor = (0, 0, 0)
54.6657 	EXP 	responsel: foreColor = (0, 0, 0)
54.6824 	EXP 	responsel: foreColor = (0, 0, 0)
54.6991 	EXP 	responsel: foreColor = (0, 0, 0)
54.7158 	EXP 	responsel: foreColor = (0, 0, 0)
54.7324 	EXP 	responsel: foreColor = (0, 0, 0)
54.7491 	EXP 	responsel: foreColor = (0, 0, 0)
54.7658 	EXP 	responsel: foreColor = (0, 0, 0)
54.7824 	EXP 	responsel: foreColor = (0, 0, 0)
54.7991 	EXP 	responsel: foreColor = (0, 0, 0)
54.8157 	EXP 	responsel: foreColor = (0, 0, 0)
54.8324 	EXP 	responsel: foreColor = (0, 0, 0)
54.8491 	EXP 	responsel: foreColor = (0, 0, 0)
54.8658 	EXP 	responsel: foreColor = (0, 0, 0)
54.8824 	EXP 	responsel: foreColor = (0, 0, 0)
54.8991 	EXP 	responsel: foreColor = (0, 0, 0)
54.9157 	EXP 	responsel: foreColor = (0, 0, 0)
54.9324 	EXP 	responsel: foreColor = (0, 0, 0)
54.9490 	EXP 	responsel: foreColor = (0, 0, 0)
54.9657 	EXP 	responsel: foreColor = (0, 0, 0)
54.9824 	EXP 	responsel: foreColor = (0, 0, 0)
54.9991 	EXP 	responsel: foreColor = (0, 0, 0)
55.0158 	EXP 	responsel: foreColor = (0, 0, 0)
55.0324 	EXP 	responsel: foreColor = (0, 0, 0)
55.0491 	EXP 	responsel: foreColor = (0, 0, 0)
55.0658 	EXP 	responsel: foreColor = (0, 0, 0)
55.0825 	EXP 	responsel: foreColor = (0, 0, 0)
55.0991 	EXP 	responsel: foreColor = (0, 0, 0)
55.1158 	EXP 	responsel: foreColor = (0, 0, 0)
55.1324 	EXP 	responsel: foreColor = (0, 0, 0)
55.1491 	EXP 	responsel: foreColor = (0, 0, 0)
55.1658 	EXP 	responsel: foreColor = (0, 0, 0)
55.1825 	EXP 	responsel: foreColor = (0, 0, 0)
55.1991 	EXP 	responsel: foreColor = (0, 0, 0)
55.2157 	EXP 	responsel: foreColor = (0, 0, 0)
55.2324 	EXP 	responsel: foreColor = (0, 0, 0)
55.2491 	EXP 	responsel: foreColor = (0, 0, 0)
55.2657 	EXP 	responsel: foreColor = (0, 0, 0)
55.2824 	EXP 	responsel: foreColor = (0, 0, 0)
55.2990 	EXP 	responsel: foreColor = (0, 0, 0)
55.3158 	EXP 	responsel: foreColor = (0, 0, 0)
55.3324 	EXP 	responsel: foreColor = (0, 0, 0)
55.3491 	EXP 	responsel: foreColor = (0, 0, 0)
55.3657 	EXP 	responsel: foreColor = (0, 0, 0)
55.3825 	EXP 	responsel: foreColor = (0, 0, 0)
55.3990 	EXP 	responsel: foreColor = (0, 0, 0)
55.4158 	EXP 	responsel: foreColor = (0, 0, 0)
55.4324 	EXP 	responsel: foreColor = (0, 0, 0)
55.4491 	EXP 	responsel: foreColor = (0, 0, 0)
55.4658 	EXP 	responsel: foreColor = (0, 0, 0)
55.4824 	EXP 	responsel: foreColor = (0, 0, 0)
55.4991 	EXP 	responsel: foreColor = (0, 0, 0)
55.5158 	EXP 	responsel: foreColor = (0, 0, 0)
55.5324 	EXP 	responsel: foreColor = (0, 0, 0)
55.5491 	EXP 	responsel: foreColor = (0, 0, 0)
55.5658 	EXP 	responsel: foreColor = (0, 0, 0)
55.5824 	EXP 	responsel: foreColor = (0, 0, 0)
55.5990 	EXP 	responsel: foreColor = (0, 0, 0)
55.6157 	EXP 	responsel: foreColor = (0, 0, 0)
55.6324 	EXP 	responsel: foreColor = (0, 0, 0)
55.6324 	EXP 	thermode_locali_pic: autoDraw = False
55.6491 	EXP 	responsel: foreColor = (0, 0, 0)
55.6658 	EXP 	responsel: foreColor = (0, 0, 0)
55.6824 	EXP 	responsel: foreColor = (0, 0, 0)
55.6991 	EXP 	responsel: foreColor = (0, 0, 0)
55.7158 	EXP 	responsel: foreColor = (0, 0, 0)
55.7324 	EXP 	responsel: foreColor = (0, 0, 0)
55.7491 	EXP 	responsel: foreColor = (0, 0, 0)
55.7658 	EXP 	responsel: foreColor = (0, 0, 0)
55.7824 	EXP 	responsel: foreColor = (0, 0, 0)
55.7991 	EXP 	responsel: foreColor = (0, 0, 0)
55.8157 	EXP 	responsel: foreColor = (0, 0, 0)
55.8325 	EXP 	responsel: foreColor = (0, 0, 0)
55.8491 	EXP 	responsel: foreColor = (0, 0, 0)
55.8658 	EXP 	responsel: foreColor = (0, 0, 0)
55.8824 	EXP 	responsel: foreColor = (0, 0, 0)
55.8991 	EXP 	responsel: foreColor = (0, 0, 0)
55.9158 	EXP 	responsel: foreColor = (0, 0, 0)
55.9324 	EXP 	responsel: foreColor = (0, 0, 0)
55.9490 	EXP 	responsel: foreColor = (0, 0, 0)
55.9657 	EXP 	responsel: foreColor = (0, 0, 0)
55.9824 	EXP 	responsel: foreColor = (0, 0, 0)
55.9990 	EXP 	responsel: foreColor = (0, 0, 0)
56.0157 	EXP 	responsel: foreColor = (0, 0, 0)
56.0324 	EXP 	responsel: foreColor = (0, 0, 0)
56.0491 	EXP 	responsel: foreColor = (0, 0, 0)
56.0658 	EXP 	responsel: foreColor = (0, 0, 0)
56.0824 	EXP 	responsel: foreColor = (0, 0, 0)
56.0991 	EXP 	responsel: foreColor = (0, 0, 0)
56.1158 	EXP 	responsel: foreColor = (0, 0, 0)
56.1325 	EXP 	responsel: foreColor = (0, 0, 0)
56.1491 	EXP 	responsel: foreColor = (0, 0, 0)
56.1658 	EXP 	responsel: foreColor = (0, 0, 0)
56.1824 	EXP 	responsel: foreColor = (0, 0, 0)
56.1991 	EXP 	responsel: foreColor = (0, 0, 0)
56.2158 	EXP 	responsel: foreColor = (0, 0, 0)
56.2324 	EXP 	responsel: foreColor = (0, 0, 0)
56.2491 	EXP 	responsel: foreColor = (0, 0, 0)
56.2657 	EXP 	responsel: foreColor = (0, 0, 0)
56.2824 	EXP 	responsel: foreColor = (0, 0, 0)
56.2991 	EXP 	responsel: foreColor = (0, 0, 0)
56.3158 	EXP 	responsel: foreColor = (0, 0, 0)
56.3324 	EXP 	responsel: foreColor = (0, 0, 0)
56.3491 	EXP 	responsel: foreColor = (0, 0, 0)
56.3658 	EXP 	responsel: foreColor = (0, 0, 0)
56.3824 	EXP 	responsel: foreColor = (0, 0, 0)
56.3990 	EXP 	responsel: foreColor = (0, 0, 0)
56.4001 	EXP 	New trial (rep=3, index=0): None
56.4157 	EXP 	responsel: foreColor = (0, 0, 0)
56.4157 	EXP 	responsel: autoDraw = False
56.4157 	EXP 	percu_or: autoDraw = False
56.4157 	EXP 	responser: autoDraw = False
56.4157 	EXP 	thermode_locali_pic: autoDraw = False
56.4157 	EXP 	responsel: autoDraw = False
56.4157 	EXP 	percu_or: autoDraw = False
56.4157 	EXP 	responser: autoDraw = False
56.4157 	EXP 	responsel: foreColor = 'white'
56.4157 	EXP 	responser: foreColor = 'white'
56.4157 	EXP 	text_pic: autoDraw = True
56.4157 	EXP 	croix_3: autoDraw = True
61.4158 	EXP 	text_pic: autoDraw = False
61.4158 	EXP 	croix_3: autoDraw = False
61.4158 	EXP 	text_pic: autoDraw = False
61.4158 	EXP 	croix_3: autoDraw = False
61.4158 	EXP 	thermode_locali_pic: height = 0.02
61.4158 	EXP 	thermode_locali_pic: height = 0.02
61.4158 	EXP 	thermode_locali_pic: height = 0.02
61.4158 	EXP 	thermode_locali_pic: text = 'T : 3'
61.4158 	EXP 	responsel: text = 'NON              '
61.4158 	EXP 	thermode_locali_pic: autoDraw = True
69.3991 	EXP 	responsel: autoDraw = True
69.3991 	EXP 	percu_or: autoDraw = True
69.3991 	EXP 	responser: autoDraw = True
70.0672 	DATA 	Keypress: n
70.0992 	EXP 	responser: foreColor = (0, 0, 0)
70.1158 	EXP 	responser: foreColor = (0, 0, 0)
70.1325 	EXP 	responser: foreColor = (0, 0, 0)
70.1492 	EXP 	responser: foreColor = (0, 0, 0)
70.1658 	EXP 	responser: foreColor = (0, 0, 0)
70.1825 	EXP 	responser: foreColor = (0, 0, 0)
70.1992 	EXP 	responser: foreColor = (0, 0, 0)
70.2159 	EXP 	responser: foreColor = (0, 0, 0)
70.2325 	EXP 	responser: foreColor = (0, 0, 0)
70.2491 	EXP 	responser: foreColor = (0, 0, 0)
70.2658 	EXP 	responser: foreColor = (0, 0, 0)
70.2825 	EXP 	responser: foreColor = (0, 0, 0)
70.2991 	EXP 	responser: foreColor = (0, 0, 0)
70.3158 	EXP 	responser: foreColor = (0, 0, 0)
70.3325 	EXP 	responser: foreColor = (0, 0, 0)
70.3492 	EXP 	responser: foreColor = (0, 0, 0)
70.3658 	EXP 	responser: foreColor = (0, 0, 0)
70.3825 	EXP 	responser: foreColor = (0, 0, 0)
70.3992 	EXP 	responser: foreColor = (0, 0, 0)
70.4158 	EXP 	responser: foreColor = (0, 0, 0)
70.4325 	EXP 	responser: foreColor = (0, 0, 0)
70.4492 	EXP 	responser: foreColor = (0, 0, 0)
70.4659 	EXP 	responser: foreColor = (0, 0, 0)
70.4825 	EXP 	responser: foreColor = (0, 0, 0)
70.4992 	EXP 	responser: foreColor = (0, 0, 0)
70.5159 	EXP 	responser: foreColor = (0, 0, 0)
70.5325 	EXP 	responser: foreColor = (0, 0, 0)
70.5492 	EXP 	responser: foreColor = (0, 0, 0)
70.5658 	EXP 	responser: foreColor = (0, 0, 0)
70.5826 	EXP 	responser: foreColor = (0, 0, 0)
70.5991 	EXP 	responser: foreColor = (0, 0, 0)
70.6158 	EXP 	responser: foreColor = (0, 0, 0)
70.6325 	EXP 	responser: foreColor = (0, 0, 0)
70.6492 	EXP 	responser: foreColor = (0, 0, 0)
70.6658 	EXP 	responser: foreColor = (0, 0, 0)
70.6825 	EXP 	responser: foreColor = (0, 0, 0)
70.6991 	EXP 	responser: foreColor = (0, 0, 0)
70.7158 	EXP 	responser: foreColor = (0, 0, 0)
70.7325 	EXP 	responser: foreColor = (0, 0, 0)
70.7492 	EXP 	responser: foreColor = (0, 0, 0)
70.7659 	EXP 	responser: foreColor = (0, 0, 0)
70.7825 	EXP 	responser: foreColor = (0, 0, 0)
70.7992 	EXP 	responser: foreColor = (0, 0, 0)
70.8159 	EXP 	responser: foreColor = (0, 0, 0)
70.8325 	EXP 	responser: foreColor = (0, 0, 0)
70.8492 	EXP 	responser: foreColor = (0, 0, 0)
70.8658 	EXP 	responser: foreColor = (0, 0, 0)
70.8825 	EXP 	responser: foreColor = (0, 0, 0)
70.8992 	EXP 	responser: foreColor = (0, 0, 0)
70.9158 	EXP 	responser: foreColor = (0, 0, 0)
70.9325 	EXP 	responser: foreColor = (0, 0, 0)
70.9492 	EXP 	responser: foreColor = (0, 0, 0)
70.9658 	EXP 	responser: foreColor = (0, 0, 0)
70.9825 	EXP 	responser: foreColor = (0, 0, 0)
71.0002 	EXP 	responser: foreColor = (0, 0, 0)
71.0158 	EXP 	responser: foreColor = (0, 0, 0)
71.0325 	EXP 	responser: foreColor = (0, 0, 0)
71.0492 	EXP 	responser: foreColor = (0, 0, 0)
71.0659 	EXP 	responser: foreColor = (0, 0, 0)
71.0825 	EXP 	responser: foreColor = (0, 0, 0)
71.0992 	EXP 	responser: foreColor = (0, 0, 0)
71.1159 	EXP 	responser: foreColor = (0, 0, 0)
71.1325 	EXP 	responser: foreColor = (0, 0, 0)
71.1492 	EXP 	responser: foreColor = (0, 0, 0)
71.1658 	EXP 	responser: foreColor = (0, 0, 0)
71.1825 	EXP 	responser: foreColor = (0, 0, 0)
71.1992 	EXP 	responser: foreColor = (0, 0, 0)
71.2159 	EXP 	responser: foreColor = (0, 0, 0)
71.2325 	EXP 	responser: foreColor = (0, 0, 0)
71.2492 	EXP 	responser: foreColor = (0, 0, 0)
71.2659 	EXP 	responser: foreColor = (0, 0, 0)
71.2825 	EXP 	responser: foreColor = (0, 0, 0)
71.2992 	EXP 	responser: foreColor = (0, 0, 0)
71.3158 	EXP 	responser: foreColor = (0, 0, 0)
71.3326 	EXP 	responser: foreColor = (0, 0, 0)
71.3492 	EXP 	responser: foreColor = (0, 0, 0)
71.3659 	EXP 	responser: foreColor = (0, 0, 0)
71.3825 	EXP 	responser: foreColor = (0, 0, 0)
71.3992 	EXP 	responser: foreColor = (0, 0, 0)
71.4158 	EXP 	responser: foreColor = (0, 0, 0)
71.4326 	EXP 	responser: foreColor = (0, 0, 0)
71.4492 	EXP 	responser: foreColor = (0, 0, 0)
71.4658 	EXP 	responser: foreColor = (0, 0, 0)
71.4825 	EXP 	responser: foreColor = (0, 0, 0)
71.4992 	EXP 	responser: foreColor = (0, 0, 0)
71.5159 	EXP 	responser: foreColor = (0, 0, 0)
71.5325 	EXP 	responser: foreColor = (0, 0, 0)
71.5492 	EXP 	responser: foreColor = (0, 0, 0)
71.5658 	EXP 	responser: foreColor = (0, 0, 0)
71.5825 	EXP 	responser: foreColor = (0, 0, 0)
71.5992 	EXP 	responser: foreColor = (0, 0, 0)
71.6158 	EXP 	responser: foreColor = (0, 0, 0)
71.6158 	EXP 	thermode_locali_pic: autoDraw = False
71.6325 	EXP 	responser: foreColor = (0, 0, 0)
71.6492 	EXP 	responser: foreColor = (0, 0, 0)
71.6658 	EXP 	responser: foreColor = (0, 0, 0)
71.6825 	EXP 	responser: foreColor = (0, 0, 0)
71.6992 	EXP 	responser: foreColor = (0, 0, 0)
71.7158 	EXP 	responser: foreColor = (0, 0, 0)
71.7326 	EXP 	responser: foreColor = (0, 0, 0)
71.7492 	EXP 	responser: foreColor = (0, 0, 0)
71.7658 	EXP 	responser: foreColor = (0, 0, 0)
71.7825 	EXP 	responser: foreColor = (0, 0, 0)
71.7992 	EXP 	responser: foreColor = (0, 0, 0)
71.8158 	EXP 	responser: foreColor = (0, 0, 0)
71.8325 	EXP 	responser: foreColor = (0, 0, 0)
71.8492 	EXP 	responser: foreColor = (0, 0, 0)
71.8659 	EXP 	responser: foreColor = (0, 0, 0)
71.8825 	EXP 	responser: foreColor = (0, 0, 0)
71.8992 	EXP 	responser: foreColor = (0, 0, 0)
71.9159 	EXP 	responser: foreColor = (0, 0, 0)
71.9325 	EXP 	responser: foreColor = (0, 0, 0)
71.9492 	EXP 	responser: foreColor = (0, 0, 0)
71.9658 	EXP 	responser: foreColor = (0, 0, 0)
71.9825 	EXP 	responser: foreColor = (0, 0, 0)
71.9992 	EXP 	responser: foreColor = (0, 0, 0)
72.0159 	EXP 	responser: foreColor = (0, 0, 0)
72.0325 	EXP 	responser: foreColor = (0, 0, 0)
72.0492 	EXP 	responser: foreColor = (0, 0, 0)
72.0658 	EXP 	responser: foreColor = (0, 0, 0)
72.0825 	EXP 	responser: foreColor = (0, 0, 0)
72.0992 	EXP 	responser: foreColor = (0, 0, 0)
72.1158 	EXP 	responser: foreColor = (0, 0, 0)
72.1325 	EXP 	responser: foreColor = (0, 0, 0)
72.1492 	EXP 	responser: foreColor = (0, 0, 0)
72.1659 	EXP 	responser: foreColor = (0, 0, 0)
72.1825 	EXP 	responser: foreColor = (0, 0, 0)
72.1992 	EXP 	responser: foreColor = (0, 0, 0)
72.2159 	EXP 	responser: foreColor = (0, 0, 0)
72.2325 	EXP 	responser: foreColor = (0, 0, 0)
72.2492 	EXP 	responser: foreColor = (0, 0, 0)
72.2658 	EXP 	responser: foreColor = (0, 0, 0)
72.2825 	EXP 	responser: foreColor = (0, 0, 0)
72.2992 	EXP 	responser: foreColor = (0, 0, 0)
72.3158 	EXP 	responser: foreColor = (0, 0, 0)
72.3325 	EXP 	responser: foreColor = (0, 0, 0)
72.3492 	EXP 	responser: foreColor = (0, 0, 0)
72.3658 	EXP 	responser: foreColor = (0, 0, 0)
72.3825 	EXP 	responser: foreColor = (0, 0, 0)
72.3836 	EXP 	New trial (rep=4, index=0): None
72.3992 	EXP 	responser: foreColor = (0, 0, 0)
72.3992 	EXP 	responsel: autoDraw = False
72.3992 	EXP 	percu_or: autoDraw = False
72.3992 	EXP 	responser: autoDraw = False
72.3992 	EXP 	thermode_locali_pic: autoDraw = False
72.3992 	EXP 	responsel: autoDraw = False
72.3992 	EXP 	percu_or: autoDraw = False
72.3992 	EXP 	responser: autoDraw = False
72.3992 	EXP 	responsel: foreColor = 'white'
72.3992 	EXP 	responser: foreColor = 'white'
72.3992 	EXP 	text_pic: autoDraw = True
72.3992 	EXP 	croix_3: autoDraw = True
77.3992 	EXP 	text_pic: autoDraw = False
77.3992 	EXP 	croix_3: autoDraw = False
77.3992 	EXP 	text_pic: autoDraw = False
77.3992 	EXP 	croix_3: autoDraw = False
77.3992 	EXP 	thermode_locali_pic: height = 0.02
77.3992 	EXP 	thermode_locali_pic: height = 0.02
77.3992 	EXP 	thermode_locali_pic: height = 0.02
77.3992 	EXP 	thermode_locali_pic: text = 'T : 0'
77.3992 	EXP 	responsel: text = 'NON              '
77.3992 	EXP 	thermode_locali_pic: autoDraw = True
85.3826 	EXP 	responsel: autoDraw = True
85.3826 	EXP 	percu_or: autoDraw = True
85.3826 	EXP 	responser: autoDraw = True
86.2007 	DATA 	Keypress: m
86.2327 	EXP 	responsel: foreColor = (0, 0, 0)
86.2493 	EXP 	responsel: foreColor = (0, 0, 0)
86.2660 	EXP 	responsel: foreColor = (0, 0, 0)
86.2827 	EXP 	responsel: foreColor = (0, 0, 0)
86.2993 	EXP 	responsel: foreColor = (0, 0, 0)
86.3160 	EXP 	responsel: foreColor = (0, 0, 0)
86.3327 	EXP 	responsel: foreColor = (0, 0, 0)
86.3493 	EXP 	responsel: foreColor = (0, 0, 0)
86.3661 	EXP 	responsel: foreColor = (0, 0, 0)
86.3826 	EXP 	responsel: foreColor = (0, 0, 0)
86.3993 	EXP 	responsel: foreColor = (0, 0, 0)
86.4160 	EXP 	responsel: foreColor = (0, 0, 0)
86.4326 	EXP 	responsel: foreColor = (0, 0, 0)
86.4493 	EXP 	responsel: foreColor = (0, 0, 0)
86.4660 	EXP 	responsel: foreColor = (0, 0, 0)
86.4827 	EXP 	responsel: foreColor = (0, 0, 0)
86.4993 	EXP 	responsel: foreColor = (0, 0, 0)
86.5160 	EXP 	responsel: foreColor = (0, 0, 0)
86.5327 	EXP 	responsel: foreColor = (0, 0, 0)
86.5493 	EXP 	responsel: foreColor = (0, 0, 0)
86.5660 	EXP 	responsel: foreColor = (0, 0, 0)
86.5826 	EXP 	responsel: foreColor = (0, 0, 0)
86.5993 	EXP 	responsel: foreColor = (0, 0, 0)
86.6160 	EXP 	responsel: foreColor = (0, 0, 0)
86.6327 	EXP 	responsel: foreColor = (0, 0, 0)
86.6493 	EXP 	responsel: foreColor = (0, 0, 0)
86.6660 	EXP 	responsel: foreColor = (0, 0, 0)
86.6827 	EXP 	responsel: foreColor = (0, 0, 0)
86.6993 	EXP 	responsel: foreColor = (0, 0, 0)
86.7160 	EXP 	responsel: foreColor = (0, 0, 0)
86.7327 	EXP 	responsel: foreColor = (0, 0, 0)
86.7493 	EXP 	responsel: foreColor = (0, 0, 0)
86.7660 	EXP 	responsel: foreColor = (0, 0, 0)
86.7827 	EXP 	responsel: foreColor = (0, 0, 0)
86.7993 	EXP 	responsel: foreColor = (0, 0, 0)
86.8160 	EXP 	responsel: foreColor = (0, 0, 0)
86.8327 	EXP 	responsel: foreColor = (0, 0, 0)
86.8493 	EXP 	responsel: foreColor = (0, 0, 0)
86.8660 	EXP 	responsel: foreColor = (0, 0, 0)
86.8827 	EXP 	responsel: foreColor = (0, 0, 0)
86.8994 	EXP 	responsel: foreColor = (0, 0, 0)
86.9160 	EXP 	responsel: foreColor = (0, 0, 0)
86.9326 	EXP 	responsel: foreColor = (0, 0, 0)
86.9493 	EXP 	responsel: foreColor = (0, 0, 0)
86.9660 	EXP 	responsel: foreColor = (0, 0, 0)
86.9827 	EXP 	responsel: foreColor = (0, 0, 0)
86.9993 	EXP 	responsel: foreColor = (0, 0, 0)
87.0160 	EXP 	responsel: foreColor = (0, 0, 0)
87.0327 	EXP 	responsel: foreColor = (0, 0, 0)
87.0493 	EXP 	responsel: foreColor = (0, 0, 0)
87.0660 	EXP 	responsel: foreColor = (0, 0, 0)
87.0827 	EXP 	responsel: foreColor = (0, 0, 0)
87.0993 	EXP 	responsel: foreColor = (0, 0, 0)
87.1160 	EXP 	responsel: foreColor = (0, 0, 0)
87.1327 	EXP 	responsel: foreColor = (0, 0, 0)
87.1493 	EXP 	responsel: foreColor = (0, 0, 0)
87.1660 	EXP 	responsel: foreColor = (0, 0, 0)
87.1827 	EXP 	responsel: foreColor = (0, 0, 0)
87.1994 	EXP 	responsel: foreColor = (0, 0, 0)
87.2160 	EXP 	responsel: foreColor = (0, 0, 0)
87.2327 	EXP 	responsel: foreColor = (0, 0, 0)
87.2493 	EXP 	responsel: foreColor = (0, 0, 0)
87.2660 	EXP 	responsel: foreColor = (0, 0, 0)
87.2827 	EXP 	responsel: foreColor = (0, 0, 0)
87.2993 	EXP 	responsel: foreColor = (0, 0, 0)
87.3161 	EXP 	responsel: foreColor = (0, 0, 0)
87.3327 	EXP 	responsel: foreColor = (0, 0, 0)
87.3493 	EXP 	responsel: foreColor = (0, 0, 0)
87.3660 	EXP 	responsel: foreColor = (0, 0, 0)
87.3827 	EXP 	responsel: foreColor = (0, 0, 0)
87.3993 	EXP 	responsel: foreColor = (0, 0, 0)
87.4160 	EXP 	responsel: foreColor = (0, 0, 0)
87.4327 	EXP 	responsel: foreColor = (0, 0, 0)
87.4493 	EXP 	responsel: foreColor = (0, 0, 0)
87.4660 	EXP 	responsel: foreColor = (0, 0, 0)
87.4827 	EXP 	responsel: foreColor = (0, 0, 0)
87.4993 	EXP 	responsel: foreColor = (0, 0, 0)
87.5160 	EXP 	responsel: foreColor = (0, 0, 0)
87.5327 	EXP 	responsel: foreColor = (0, 0, 0)
87.5493 	EXP 	responsel: foreColor = (0, 0, 0)
87.5660 	EXP 	responsel: foreColor = (0, 0, 0)
87.5827 	EXP 	responsel: foreColor = (0, 0, 0)
87.5993 	EXP 	responsel: foreColor = (0, 0, 0)
87.5993 	EXP 	thermode_locali_pic: autoDraw = False
87.6160 	EXP 	responsel: foreColor = (0, 0, 0)
87.6327 	EXP 	responsel: foreColor = (0, 0, 0)
87.6494 	EXP 	responsel: foreColor = (0, 0, 0)
87.6660 	EXP 	responsel: foreColor = (0, 0, 0)
87.6827 	EXP 	responsel: foreColor = (0, 0, 0)
87.6993 	EXP 	responsel: foreColor = (0, 0, 0)
87.7160 	EXP 	responsel: foreColor = (0, 0, 0)
87.7327 	EXP 	responsel: foreColor = (0, 0, 0)
87.7493 	EXP 	responsel: foreColor = (0, 0, 0)
87.7660 	EXP 	responsel: foreColor = (0, 0, 0)
87.7827 	EXP 	responsel: foreColor = (0, 0, 0)
87.7993 	EXP 	responsel: foreColor = (0, 0, 0)
87.8160 	EXP 	responsel: foreColor = (0, 0, 0)
87.8327 	EXP 	responsel: foreColor = (0, 0, 0)
87.8494 	EXP 	responsel: foreColor = (0, 0, 0)
87.8660 	EXP 	responsel: foreColor = (0, 0, 0)
87.8827 	EXP 	responsel: foreColor = (0, 0, 0)
87.8993 	EXP 	responsel: foreColor = (0, 0, 0)
87.9160 	EXP 	responsel: foreColor = (0, 0, 0)
87.9327 	EXP 	responsel: foreColor = (0, 0, 0)
87.9493 	EXP 	responsel: foreColor = (0, 0, 0)
87.9660 	EXP 	responsel: foreColor = (0, 0, 0)
87.9827 	EXP 	responsel: foreColor = (0, 0, 0)
87.9993 	EXP 	responsel: foreColor = (0, 0, 0)
88.0160 	EXP 	responsel: foreColor = (0, 0, 0)
88.0327 	EXP 	responsel: foreColor = (0, 0, 0)
88.0493 	EXP 	responsel: foreColor = (0, 0, 0)
88.0660 	EXP 	responsel: foreColor = (0, 0, 0)
88.0827 	EXP 	responsel: foreColor = (0, 0, 0)
88.0993 	EXP 	responsel: foreColor = (0, 0, 0)
88.1160 	EXP 	responsel: foreColor = (0, 0, 0)
88.1327 	EXP 	responsel: foreColor = (0, 0, 0)
88.1493 	EXP 	responsel: foreColor = (0, 0, 0)
88.1660 	EXP 	responsel: foreColor = (0, 0, 0)
88.1827 	EXP 	responsel: foreColor = (0, 0, 0)
88.1994 	EXP 	responsel: foreColor = (0, 0, 0)
88.2160 	EXP 	responsel: foreColor = (0, 0, 0)
88.2327 	EXP 	responsel: foreColor = (0, 0, 0)
88.2494 	EXP 	responsel: foreColor = (0, 0, 0)
88.2660 	EXP 	responsel: foreColor = (0, 0, 0)
88.2827 	EXP 	responsel: foreColor = (0, 0, 0)
88.2993 	EXP 	responsel: foreColor = (0, 0, 0)
88.3160 	EXP 	responsel: foreColor = (0, 0, 0)
88.3327 	EXP 	responsel: foreColor = (0, 0, 0)
88.3493 	EXP 	responsel: foreColor = (0, 0, 0)
88.3660 	EXP 	responsel: foreColor = (0, 0, 0)
88.3671 	EXP 	New trial (rep=5, index=0): None
88.3827 	EXP 	responsel: foreColor = (0, 0, 0)
88.3827 	EXP 	responsel: autoDraw = False
88.3827 	EXP 	percu_or: autoDraw = False
88.3827 	EXP 	responser: autoDraw = False
88.3827 	EXP 	thermode_locali_pic: autoDraw = False
88.3827 	EXP 	responsel: autoDraw = False
88.3827 	EXP 	percu_or: autoDraw = False
88.3827 	EXP 	responser: autoDraw = False
88.3827 	EXP 	responsel: foreColor = 'white'
88.3827 	EXP 	responser: foreColor = 'white'
88.3827 	EXP 	text_pic: autoDraw = True
88.3827 	EXP 	croix_3: autoDraw = True
93.3827 	EXP 	text_pic: autoDraw = False
93.3827 	EXP 	croix_3: autoDraw = False
93.3827 	EXP 	text_pic: autoDraw = False
93.3827 	EXP 	croix_3: autoDraw = False
93.3827 	EXP 	thermode_locali_pic: height = 0.02
93.3827 	EXP 	thermode_locali_pic: height = 0.02
93.3827 	EXP 	thermode_locali_pic: height = 0.02
93.3827 	EXP 	thermode_locali_pic: text = 'T : 1'
93.3827 	EXP 	responsel: text = 'NON              '
93.3827 	EXP 	thermode_locali_pic: autoDraw = True
101.3662 	EXP 	responsel: autoDraw = True
101.3662 	EXP 	percu_or: autoDraw = True
101.3662 	EXP 	responser: autoDraw = True
102.0508 	DATA 	Keypress: n
102.0828 	EXP 	responser: foreColor = (0, 0, 0)
102.0995 	EXP 	responser: foreColor = (0, 0, 0)
102.1162 	EXP 	responser: foreColor = (0, 0, 0)
102.1328 	EXP 	responser: foreColor = (0, 0, 0)
102.1495 	EXP 	responser: foreColor = (0, 0, 0)
102.1661 	EXP 	responser: foreColor = (0, 0, 0)
102.1828 	EXP 	responser: foreColor = (0, 0, 0)
102.1995 	EXP 	responser: foreColor = (0, 0, 0)
102.2162 	EXP 	responser: foreColor = (0, 0, 0)
102.2328 	EXP 	responser: foreColor = (0, 0, 0)
102.2495 	EXP 	responser: foreColor = (0, 0, 0)
102.2661 	EXP 	responser: foreColor = (0, 0, 0)
102.2828 	EXP 	responser: foreColor = (0, 0, 0)
102.2995 	EXP 	responser: foreColor = (0, 0, 0)
102.3161 	EXP 	responser: foreColor = (0, 0, 0)
102.3329 	EXP 	responser: foreColor = (0, 0, 0)
102.3495 	EXP 	responser: foreColor = (0, 0, 0)
102.3661 	EXP 	responser: foreColor = (0, 0, 0)
102.3828 	EXP 	responser: foreColor = (0, 0, 0)
102.3995 	EXP 	responser: foreColor = (0, 0, 0)
102.4161 	EXP 	responser: foreColor = (0, 0, 0)
102.4328 	EXP 	responser: foreColor = (0, 0, 0)
102.4495 	EXP 	responser: foreColor = (0, 0, 0)
102.4662 	EXP 	responser: foreColor = (0, 0, 0)
102.4828 	EXP 	responser: foreColor = (0, 0, 0)
102.4995 	EXP 	responser: foreColor = (0, 0, 0)
102.5162 	EXP 	responser: foreColor = (0, 0, 0)
102.5328 	EXP 	responser: foreColor = (0, 0, 0)
102.5495 	EXP 	responser: foreColor = (0, 0, 0)
102.5661 	EXP 	responser: foreColor = (0, 0, 0)
102.5828 	EXP 	responser: foreColor = (0, 0, 0)
102.5995 	EXP 	responser: foreColor = (0, 0, 0)
102.6161 	EXP 	responser: foreColor = (0, 0, 0)
102.6328 	EXP 	responser: foreColor = (0, 0, 0)
102.6495 	EXP 	responser: foreColor = (0, 0, 0)
102.6661 	EXP 	responser: foreColor = (0, 0, 0)
102.6828 	EXP 	responser: foreColor = (0, 0, 0)
102.6996 	EXP 	responser: foreColor = (0, 0, 0)
102.7161 	EXP 	responser: foreColor = (0, 0, 0)
102.7328 	EXP 	responser: foreColor = (0, 0, 0)
102.7495 	EXP 	responser: foreColor = (0, 0, 0)
102.7662 	EXP 	responser: foreColor = (0, 0, 0)
102.7828 	EXP 	responser: foreColor = (0, 0, 0)
102.7995 	EXP 	responser: foreColor = (0, 0, 0)
102.8162 	EXP 	responser: foreColor = (0, 0, 0)
102.8328 	EXP 	responser: foreColor = (0, 0, 0)
102.8495 	EXP 	responser: foreColor = (0, 0, 0)
102.8662 	EXP 	responser: foreColor = (0, 0, 0)
102.8829 	EXP 	responser: foreColor = (0, 0, 0)
102.8995 	EXP 	responser: foreColor = (0, 0, 0)
102.9161 	EXP 	responser: foreColor = (0, 0, 0)
102.9328 	EXP 	responser: foreColor = (0, 0, 0)
102.9495 	EXP 	responser: foreColor = (0, 0, 0)
102.9662 	EXP 	responser: foreColor = (0, 0, 0)
102.9828 	EXP 	responser: foreColor = (0, 0, 0)
102.9995 	EXP 	responser: foreColor = (0, 0, 0)
103.0161 	EXP 	responser: foreColor = (0, 0, 0)
103.0329 	EXP 	responser: foreColor = (0, 0, 0)
103.0495 	EXP 	responser: foreColor = (0, 0, 0)
103.0661 	EXP 	responser: foreColor = (0, 0, 0)
103.0829 	EXP 	responser: foreColor = (0, 0, 0)
103.0995 	EXP 	responser: foreColor = (0, 0, 0)
103.1162 	EXP 	responser: foreColor = (0, 0, 0)
103.1328 	EXP 	responser: foreColor = (0, 0, 0)
103.1495 	EXP 	responser: foreColor = (0, 0, 0)
103.1661 	EXP 	responser: foreColor = (0, 0, 0)
103.1828 	EXP 	responser: foreColor = (0, 0, 0)
103.1995 	EXP 	responser: foreColor = (0, 0, 0)
103.2161 	EXP 	responser: foreColor = (0, 0, 0)
103.2328 	EXP 	responser: foreColor = (0, 0, 0)
103.2495 	EXP 	responser: foreColor = (0, 0, 0)
103.2661 	EXP 	responser: foreColor = (0, 0, 0)
103.2828 	EXP 	responser: foreColor = (0, 0, 0)
103.2995 	EXP 	responser: foreColor = (0, 0, 0)
103.3161 	EXP 	responser: foreColor = (0, 0, 0)
103.3329 	EXP 	responser: foreColor = (0, 0, 0)
103.3495 	EXP 	responser: foreColor = (0, 0, 0)
103.3661 	EXP 	responser: foreColor = (0, 0, 0)
103.3828 	EXP 	responser: foreColor = (0, 0, 0)
103.3995 	EXP 	responser: foreColor = (0, 0, 0)
103.4161 	EXP 	responser: foreColor = (0, 0, 0)
103.4328 	EXP 	responser: foreColor = (0, 0, 0)
103.4495 	EXP 	responser: foreColor = (0, 0, 0)
103.4661 	EXP 	responser: foreColor = (0, 0, 0)
103.4828 	EXP 	responser: foreColor = (0, 0, 0)
103.4995 	EXP 	responser: foreColor = (0, 0, 0)
103.5162 	EXP 	responser: foreColor = (0, 0, 0)
103.5328 	EXP 	responser: foreColor = (0, 0, 0)
103.5495 	EXP 	responser: foreColor = (0, 0, 0)
103.5661 	EXP 	responser: foreColor = (0, 0, 0)
103.5828 	EXP 	responser: foreColor = (0, 0, 0)
103.5828 	EXP 	thermode_locali_pic: autoDraw = False
103.5995 	EXP 	responser: foreColor = (0, 0, 0)
103.6162 	EXP 	responser: foreColor = (0, 0, 0)
103.6328 	EXP 	responser: foreColor = (0, 0, 0)
103.6495 	EXP 	responser: foreColor = (0, 0, 0)
103.6662 	EXP 	responser: foreColor = (0, 0, 0)
103.6828 	EXP 	responser: foreColor = (0, 0, 0)
103.6995 	EXP 	responser: foreColor = (0, 0, 0)
103.7162 	EXP 	responser: foreColor = (0, 0, 0)
103.7328 	EXP 	responser: foreColor = (0, 0, 0)
103.7495 	EXP 	responser: foreColor = (0, 0, 0)
103.7662 	EXP 	responser: foreColor = (0, 0, 0)
103.7829 	EXP 	responser: foreColor = (0, 0, 0)
103.7995 	EXP 	responser: foreColor = (0, 0, 0)
103.8162 	EXP 	responser: foreColor = (0, 0, 0)
103.8328 	EXP 	responser: foreColor = (0, 0, 0)
103.8495 	EXP 	responser: foreColor = (0, 0, 0)
103.8662 	EXP 	responser: foreColor = (0, 0, 0)
103.8828 	EXP 	responser: foreColor = (0, 0, 0)
103.8995 	EXP 	responser: foreColor = (0, 0, 0)
103.9162 	EXP 	responser: foreColor = (0, 0, 0)
103.9328 	EXP 	responser: foreColor = (0, 0, 0)
103.9495 	EXP 	responser: foreColor = (0, 0, 0)
103.9662 	EXP 	responser: foreColor = (0, 0, 0)
103.9828 	EXP 	responser: foreColor = (0, 0, 0)
103.9995 	EXP 	responser: foreColor = (0, 0, 0)
104.0162 	EXP 	responser: foreColor = (0, 0, 0)
104.0328 	EXP 	responser: foreColor = (0, 0, 0)
104.0495 	EXP 	responser: foreColor = (0, 0, 0)
104.0662 	EXP 	responser: foreColor = (0, 0, 0)
104.0828 	EXP 	responser: foreColor = (0, 0, 0)
104.0995 	EXP 	responser: foreColor = (0, 0, 0)
104.1162 	EXP 	responser: foreColor = (0, 0, 0)
104.1328 	EXP 	responser: foreColor = (0, 0, 0)
104.1495 	EXP 	responser: foreColor = (0, 0, 0)
104.1662 	EXP 	responser: foreColor = (0, 0, 0)
104.1828 	EXP 	responser: foreColor = (0, 0, 0)
104.1995 	EXP 	responser: foreColor = (0, 0, 0)
104.2162 	EXP 	responser: foreColor = (0, 0, 0)
104.2328 	EXP 	responser: foreColor = (0, 0, 0)
104.2495 	EXP 	responser: foreColor = (0, 0, 0)
104.2662 	EXP 	responser: foreColor = (0, 0, 0)
104.2828 	EXP 	responser: foreColor = (0, 0, 0)
104.2995 	EXP 	responser: foreColor = (0, 0, 0)
104.3161 	EXP 	responser: foreColor = (0, 0, 0)
104.3328 	EXP 	responser: foreColor = (0, 0, 0)
104.3495 	EXP 	responser: foreColor = (0, 0, 0)
104.3506 	EXP 	New trial (rep=6, index=0): None
104.3662 	EXP 	responser: foreColor = (0, 0, 0)
104.3662 	EXP 	responsel: autoDraw = False
104.3662 	EXP 	percu_or: autoDraw = False
104.3662 	EXP 	responser: autoDraw = False
104.3662 	EXP 	thermode_locali_pic: autoDraw = False
104.3662 	EXP 	responsel: autoDraw = False
104.3662 	EXP 	percu_or: autoDraw = False
104.3662 	EXP 	responser: autoDraw = False
104.3662 	EXP 	responsel: foreColor = 'white'
104.3662 	EXP 	responser: foreColor = 'white'
104.3662 	EXP 	text_pic: autoDraw = True
104.3662 	EXP 	croix_3: autoDraw = True
109.3662 	EXP 	text_pic: autoDraw = False
109.3662 	EXP 	croix_3: autoDraw = False
109.3662 	EXP 	text_pic: autoDraw = False
109.3662 	EXP 	croix_3: autoDraw = False
109.3662 	EXP 	thermode_locali_pic: height = 0.02
109.3662 	EXP 	thermode_locali_pic: height = 0.02
109.3662 	EXP 	thermode_locali_pic: height = 0.02
109.3662 	EXP 	thermode_locali_pic: text = 'T : 2'
109.3662 	EXP 	responsel: text = 'NON              '
109.3662 	EXP 	thermode_locali_pic: autoDraw = True
117.3497 	EXP 	responsel: autoDraw = True
117.3497 	EXP 	percu_or: autoDraw = True
117.3497 	EXP 	responser: autoDraw = True
119.3177 	DATA 	Keypress: n
119.3497 	EXP 	responser: foreColor = (0, 0, 0)
119.3663 	EXP 	responser: foreColor = (0, 0, 0)
119.3830 	EXP 	responser: foreColor = (0, 0, 0)
119.3997 	EXP 	responser: foreColor = (0, 0, 0)
119.4163 	EXP 	responser: foreColor = (0, 0, 0)
119.4330 	EXP 	responser: foreColor = (0, 0, 0)
119.4496 	EXP 	responser: foreColor = (0, 0, 0)
119.4664 	EXP 	responser: foreColor = (0, 0, 0)
119.4830 	EXP 	responser: foreColor = (0, 0, 0)
119.4996 	EXP 	responser: foreColor = (0, 0, 0)
119.5163 	EXP 	responser: foreColor = (0, 0, 0)
119.5330 	EXP 	responser: foreColor = (0, 0, 0)
119.5497 	EXP 	responser: foreColor = (0, 0, 0)
119.5663 	EXP 	responser: foreColor = (0, 0, 0)
119.5663 	EXP 	thermode_locali_pic: autoDraw = False
119.5830 	EXP 	responser: foreColor = (0, 0, 0)
119.5996 	EXP 	responser: foreColor = (0, 0, 0)
119.6163 	EXP 	responser: foreColor = (0, 0, 0)
119.6330 	EXP 	responser: foreColor = (0, 0, 0)
119.6497 	EXP 	responser: foreColor = (0, 0, 0)
119.6663 	EXP 	responser: foreColor = (0, 0, 0)
119.6830 	EXP 	responser: foreColor = (0, 0, 0)
119.6996 	EXP 	responser: foreColor = (0, 0, 0)
119.7163 	EXP 	responser: foreColor = (0, 0, 0)
119.7330 	EXP 	responser: foreColor = (0, 0, 0)
119.7496 	EXP 	responser: foreColor = (0, 0, 0)
119.7664 	EXP 	responser: foreColor = (0, 0, 0)
119.7830 	EXP 	responser: foreColor = (0, 0, 0)
119.7996 	EXP 	responser: foreColor = (0, 0, 0)
119.8163 	EXP 	responser: foreColor = (0, 0, 0)
119.8330 	EXP 	responser: foreColor = (0, 0, 0)
119.8496 	EXP 	responser: foreColor = (0, 0, 0)
119.8663 	EXP 	responser: foreColor = (0, 0, 0)
119.8830 	EXP 	responser: foreColor = (0, 0, 0)
119.8996 	EXP 	responser: foreColor = (0, 0, 0)
119.9163 	EXP 	responser: foreColor = (0, 0, 0)
119.9330 	EXP 	responser: foreColor = (0, 0, 0)
119.9498 	EXP 	responser: foreColor = (0, 0, 0)
119.9664 	EXP 	responser: foreColor = (0, 0, 0)
119.9831 	EXP 	responser: foreColor = (0, 0, 0)
119.9997 	EXP 	responser: foreColor = (0, 0, 0)
120.0164 	EXP 	responser: foreColor = (0, 0, 0)
120.0331 	EXP 	responser: foreColor = (0, 0, 0)
120.0497 	EXP 	responser: foreColor = (0, 0, 0)
120.0664 	EXP 	responser: foreColor = (0, 0, 0)
120.0831 	EXP 	responser: foreColor = (0, 0, 0)
120.0997 	EXP 	responser: foreColor = (0, 0, 0)
120.1164 	EXP 	responser: foreColor = (0, 0, 0)
120.1331 	EXP 	responser: foreColor = (0, 0, 0)
120.1497 	EXP 	responser: foreColor = (0, 0, 0)
120.1664 	EXP 	responser: foreColor = (0, 0, 0)
120.1831 	EXP 	responser: foreColor = (0, 0, 0)
120.1997 	EXP 	responser: foreColor = (0, 0, 0)
120.2164 	EXP 	responser: foreColor = (0, 0, 0)
120.2331 	EXP 	responser: foreColor = (0, 0, 0)
120.2497 	EXP 	responser: foreColor = (0, 0, 0)
120.2664 	EXP 	responser: foreColor = (0, 0, 0)
120.2831 	EXP 	responser: foreColor = (0, 0, 0)
120.2997 	EXP 	responser: foreColor = (0, 0, 0)
120.3164 	EXP 	responser: foreColor = (0, 0, 0)
120.3331 	EXP 	responser: foreColor = (0, 0, 0)
120.3342 	EXP 	New trial (rep=7, index=0): None
120.3497 	EXP 	responser: foreColor = (0, 0, 0)
120.3497 	EXP 	responsel: autoDraw = False
120.3497 	EXP 	percu_or: autoDraw = False
120.3497 	EXP 	responser: autoDraw = False
120.3497 	EXP 	thermode_locali_pic: autoDraw = False
120.3497 	EXP 	responsel: autoDraw = False
120.3497 	EXP 	percu_or: autoDraw = False
120.3497 	EXP 	responser: autoDraw = False
120.3497 	EXP 	responsel: foreColor = 'white'
120.3497 	EXP 	responser: foreColor = 'white'
120.3497 	EXP 	text_pic: autoDraw = True
120.3497 	EXP 	croix_3: autoDraw = True
125.3498 	EXP 	text_pic: autoDraw = False
125.3498 	EXP 	croix_3: autoDraw = False
125.3498 	EXP 	text_pic: autoDraw = False
125.3498 	EXP 	croix_3: autoDraw = False
125.3498 	EXP 	thermode_locali_pic: height = 0.02
125.3498 	EXP 	thermode_locali_pic: height = 0.02
125.3498 	EXP 	thermode_locali_pic: height = 0.02
125.3498 	EXP 	thermode_locali_pic: text = 'T : 3'
125.3498 	EXP 	responsel: text = 'NON              '
125.3498 	EXP 	thermode_locali_pic: autoDraw = True
127.0673 	DATA 	Keypress: escape
127.2003 	EXP 	2024_RDpaindiscrimination_QUEST: status = STOPPED
127.2164 	EXP 	thermode_locali_pic: autoDraw = False
127.2164 	EXP 	2024_RDpaindiscrimination_QUEST: status = STOPPED
127.3036 	EXP 	window1: mouseVisible = True
